2015-08-22 18:55:54,170 - [INFO] - from play in pool-6-thread-1 
Listening for HTTP on /0:0:0:0:0:0:0:0:9000

2015-08-22 18:56:14,824 - [INFO] - from play in play-internal-execution-context-1 
Application started (Dev)

2015-08-22 18:56:15,549 - [ERROR] - from play in play-akka.actor.default-dispatcher-2 
Cannot invoke the action, eventually got an error: java.util.NoSuchElementException: key not found: eI-w_tOuv-g:APA91bF2918tYhJNz9mQG3IPupK6HPBzp8owzyCo6OcFjRFp7Ayb_ApealXNmpjtn45aBt3GlGA5HwRuqZWNwo5cXdV9HZmzTYf2RdIIKyxVXHcna33eADaiKHninTQE9yESfnHW7zK9

2015-08-22 18:56:15,549 - [ERROR] - from play in play-akka.actor.default-dispatcher-4 
Cannot invoke the action, eventually got an error: java.util.NoSuchElementException: key not found: eI-w_tOuv-g:APA91bF2918tYhJNz9mQG3IPupK6HPBzp8owzyCo6OcFjRFp7Ayb_ApealXNmpjtn45aBt3GlGA5HwRuqZWNwo5cXdV9HZmzTYf2RdIIKyxVXHcna33eADaiKHninTQE9yESfnHW7zK9

2015-08-22 18:56:15,578 - [ERROR] - from application in play-akka.actor.default-dispatcher-2 


! @6n8anh74j - Internal server error, for (POST) [/rest/help?major=1&mirror=1&help_string=%E6%88%91%E5%8F%97%E5%82%B7%E4%BA%86%E6%B2%92%E5%8F%97%E5%82%B7%E4%BA%86%E6%88%91%E6%B2%92%E5%8F%97%E5%82%B7%E4%BA%86%E6%B2%92%E5%8F%97%E5%82%B7%E6%A8%82%E6%88%91%E5%8F%97%E5%82%B7%E4%BA%86%E5%97%8E] ->

play.api.Application$$anon$1: Execution exception[[NoSuchElementException: key not found: eI-w_tOuv-g:APA91bF2918tYhJNz9mQG3IPupK6HPBzp8owzyCo6OcFjRFp7Ayb_ApealXNmpjtn45aBt3GlGA5HwRuqZWNwo5cXdV9HZmzTYf2RdIIKyxVXHcna33eADaiKHninTQE9yESfnHW7zK9]]
	at play.api.Application$class.handleError(Application.scala:296) ~[play_2.11-2.3.9.jar:2.3.9]
	at play.api.DefaultApplication.handleError(Application.scala:402) [play_2.11-2.3.9.jar:2.3.9]
	at play.core.server.netty.PlayDefaultUpstreamHandler$$anonfun$3$$anonfun$applyOrElse$4.apply(PlayDefaultUpstreamHandler.scala:320) [play_2.11-2.3.9.jar:2.3.9]
	at play.core.server.netty.PlayDefaultUpstreamHandler$$anonfun$3$$anonfun$applyOrElse$4.apply(PlayDefaultUpstreamHandler.scala:320) [play_2.11-2.3.9.jar:2.3.9]
	at scala.Option.map(Option.scala:145) [scala-library-2.11.1.jar:na]
	at play.core.server.netty.PlayDefaultUpstreamHandler$$anonfun$3.applyOrElse(PlayDefaultUpstreamHandler.scala:320) [play_2.11-2.3.9.jar:2.3.9]
	at play.core.server.netty.PlayDefaultUpstreamHandler$$anonfun$3.applyOrElse(PlayDefaultUpstreamHandler.scala:316) [play_2.11-2.3.9.jar:2.3.9]
	at scala.concurrent.Future$$anonfun$recoverWith$1.apply(Future.scala:344) [scala-library-2.11.1.jar:na]
	at scala.concurrent.Future$$anonfun$recoverWith$1.apply(Future.scala:343) [scala-library-2.11.1.jar:na]
	at scala.concurrent.impl.CallbackRunnable.run(Promise.scala:32) [scala-library-2.11.1.jar:na]
	at play.api.libs.iteratee.Execution$trampoline$.execute(Execution.scala:46) [play-iteratees_2.11-2.3.9.jar:2.3.9]
	at scala.concurrent.impl.CallbackRunnable.executeWithValue(Promise.scala:40) [scala-library-2.11.1.jar:na]
	at scala.concurrent.impl.Promise$DefaultPromise.tryComplete(Promise.scala:248) [scala-library-2.11.1.jar:na]
	at scala.concurrent.Promise$class.complete(Promise.scala:55) [scala-library-2.11.1.jar:na]
	at scala.concurrent.impl.Promise$DefaultPromise.complete(Promise.scala:153) [scala-library-2.11.1.jar:na]
	at scala.concurrent.impl.Future$PromiseCompletingRunnable.run(Future.scala:23) [scala-library-2.11.1.jar:na]
	at akka.dispatch.TaskInvocation.run(AbstractDispatcher.scala:41) [akka-actor_2.11-2.3.4.jar:na]
	at akka.dispatch.ForkJoinExecutorConfigurator$AkkaForkJoinTask.exec(AbstractDispatcher.scala:393) [akka-actor_2.11-2.3.4.jar:na]
	at scala.concurrent.forkjoin.ForkJoinTask.doExec(ForkJoinTask.java:260) [scala-library-2.11.1.jar:na]
	at scala.concurrent.forkjoin.ForkJoinPool$WorkQueue.runTask(ForkJoinPool.java:1339) [scala-library-2.11.1.jar:na]
	at scala.concurrent.forkjoin.ForkJoinPool.runWorker(ForkJoinPool.java:1979) [scala-library-2.11.1.jar:na]
	at scala.concurrent.forkjoin.ForkJoinWorkerThread.run(ForkJoinWorkerThread.java:107) [scala-library-2.11.1.jar:na]
Caused by: java.util.NoSuchElementException: key not found: eI-w_tOuv-g:APA91bF2918tYhJNz9mQG3IPupK6HPBzp8owzyCo6OcFjRFp7Ayb_ApealXNmpjtn45aBt3GlGA5HwRuqZWNwo5cXdV9HZmzTYf2RdIIKyxVXHcna33eADaiKHninTQE9yESfnHW7zK9
	at scala.collection.MapLike$class.default(MapLike.scala:228) ~[scala-library-2.11.1.jar:na]
	at scala.collection.AbstractMap.default(Map.scala:59) ~[scala-library-2.11.1.jar:na]
	at scala.collection.mutable.HashMap.apply(HashMap.scala:65) ~[scala-library-2.11.1.jar:na]
	at Utils.TokenUtil$.getToken(TokenUtil.scala:16) ~[classes/:na]
	at controllers.Application$$anonfun$help$1.apply(Application.scala:22) ~[classes/:na]
	at controllers.Application$$anonfun$help$1.apply(Application.scala:17) ~[classes/:na]
	at play.api.mvc.ActionBuilder$$anonfun$apply$16.apply(Action.scala:433) ~[play_2.11-2.3.9.jar:2.3.9]
	at play.api.mvc.ActionBuilder$$anonfun$apply$16.apply(Action.scala:432) ~[play_2.11-2.3.9.jar:2.3.9]
	at play.api.mvc.Action$.invokeBlock(Action.scala:556) ~[play_2.11-2.3.9.jar:2.3.9]
	at play.api.mvc.Action$.invokeBlock(Action.scala:555) ~[play_2.11-2.3.9.jar:2.3.9]
	at play.api.mvc.ActionBuilder$$anon$1.apply(Action.scala:518) ~[play_2.11-2.3.9.jar:2.3.9]
	at play.api.mvc.Action$$anonfun$apply$1$$anonfun$apply$4$$anonfun$apply$5.apply(Action.scala:130) ~[play_2.11-2.3.9.jar:2.3.9]
	at play.api.mvc.Action$$anonfun$apply$1$$anonfun$apply$4$$anonfun$apply$5.apply(Action.scala:130) ~[play_2.11-2.3.9.jar:2.3.9]
	at play.utils.Threads$.withContextClassLoader(Threads.scala:21) ~[play_2.11-2.3.9.jar:2.3.9]
	at play.api.mvc.Action$$anonfun$apply$1$$anonfun$apply$4.apply(Action.scala:129) ~[play_2.11-2.3.9.jar:2.3.9]
	at play.api.mvc.Action$$anonfun$apply$1$$anonfun$apply$4.apply(Action.scala:128) ~[play_2.11-2.3.9.jar:2.3.9]
	at scala.Option.map(Option.scala:145) [scala-library-2.11.1.jar:na]
	at play.api.mvc.Action$$anonfun$apply$1.apply(Action.scala:128) ~[play_2.11-2.3.9.jar:2.3.9]
	at play.api.mvc.Action$$anonfun$apply$1.apply(Action.scala:121) ~[play_2.11-2.3.9.jar:2.3.9]
	at play.api.libs.iteratee.Iteratee$$anonfun$mapM$1.apply(Iteratee.scala:483) ~[play-iteratees_2.11-2.3.9.jar:2.3.9]
	at play.api.libs.iteratee.Iteratee$$anonfun$mapM$1.apply(Iteratee.scala:483) ~[play-iteratees_2.11-2.3.9.jar:2.3.9]
	at play.api.libs.iteratee.Iteratee$$anonfun$flatMapM$1.apply(Iteratee.scala:519) ~[play-iteratees_2.11-2.3.9.jar:2.3.9]
	at play.api.libs.iteratee.Iteratee$$anonfun$flatMapM$1.apply(Iteratee.scala:519) ~[play-iteratees_2.11-2.3.9.jar:2.3.9]
	at play.api.libs.iteratee.Iteratee$$anonfun$flatMap$1$$anonfun$apply$14.apply(Iteratee.scala:496) ~[play-iteratees_2.11-2.3.9.jar:2.3.9]
	at play.api.libs.iteratee.Iteratee$$anonfun$flatMap$1$$anonfun$apply$14.apply(Iteratee.scala:496) ~[play-iteratees_2.11-2.3.9.jar:2.3.9]
	at scala.concurrent.impl.Future$PromiseCompletingRunnable.liftedTree1$1(Future.scala:24) [scala-library-2.11.1.jar:na]
	at scala.concurrent.impl.Future$PromiseCompletingRunnable.run(Future.scala:24) [scala-library-2.11.1.jar:na]
	... 6 common frames omitted

2015-08-22 18:56:15,579 - [ERROR] - from application in play-akka.actor.default-dispatcher-4 


! @6n8anh74j - Internal server error, for (POST) [/rest/help?major=1&mirror=1&help_string=%E6%88%91%E5%8F%97%E5%82%B7%E4%BA%86%E6%B2%92%E5%8F%97%E5%82%B7%E4%BA%86%E6%88%91%E6%B2%92%E5%8F%97%E5%82%B7%E4%BA%86%E6%B2%92%E5%8F%97%E5%82%B7%E6%A8%82%E6%88%91%E5%8F%97%E5%82%B7%E4%BA%86%E5%97%8E] ->

play.api.Application$$anon$1: Execution exception[[NoSuchElementException: key not found: eI-w_tOuv-g:APA91bF2918tYhJNz9mQG3IPupK6HPBzp8owzyCo6OcFjRFp7Ayb_ApealXNmpjtn45aBt3GlGA5HwRuqZWNwo5cXdV9HZmzTYf2RdIIKyxVXHcna33eADaiKHninTQE9yESfnHW7zK9]]
	at play.api.Application$class.handleError(Application.scala:296) ~[play_2.11-2.3.9.jar:2.3.9]
	at play.api.DefaultApplication.handleError(Application.scala:402) [play_2.11-2.3.9.jar:2.3.9]
	at play.core.server.netty.PlayDefaultUpstreamHandler$$anonfun$3$$anonfun$applyOrElse$4.apply(PlayDefaultUpstreamHandler.scala:320) [play_2.11-2.3.9.jar:2.3.9]
	at play.core.server.netty.PlayDefaultUpstreamHandler$$anonfun$3$$anonfun$applyOrElse$4.apply(PlayDefaultUpstreamHandler.scala:320) [play_2.11-2.3.9.jar:2.3.9]
	at scala.Option.map(Option.scala:145) [scala-library-2.11.1.jar:na]
	at play.core.server.netty.PlayDefaultUpstreamHandler$$anonfun$3.applyOrElse(PlayDefaultUpstreamHandler.scala:320) [play_2.11-2.3.9.jar:2.3.9]
	at play.core.server.netty.PlayDefaultUpstreamHandler$$anonfun$3.applyOrElse(PlayDefaultUpstreamHandler.scala:316) [play_2.11-2.3.9.jar:2.3.9]
	at scala.concurrent.Future$$anonfun$recoverWith$1.apply(Future.scala:344) [scala-library-2.11.1.jar:na]
	at scala.concurrent.Future$$anonfun$recoverWith$1.apply(Future.scala:343) [scala-library-2.11.1.jar:na]
	at scala.concurrent.impl.CallbackRunnable.run(Promise.scala:32) [scala-library-2.11.1.jar:na]
	at play.api.libs.iteratee.Execution$trampoline$.execute(Execution.scala:46) [play-iteratees_2.11-2.3.9.jar:2.3.9]
	at scala.concurrent.impl.CallbackRunnable.executeWithValue(Promise.scala:40) [scala-library-2.11.1.jar:na]
	at scala.concurrent.impl.Promise$DefaultPromise.tryComplete(Promise.scala:248) [scala-library-2.11.1.jar:na]
	at scala.concurrent.Promise$class.complete(Promise.scala:55) [scala-library-2.11.1.jar:na]
	at scala.concurrent.impl.Promise$DefaultPromise.complete(Promise.scala:153) [scala-library-2.11.1.jar:na]
	at scala.concurrent.impl.Future$PromiseCompletingRunnable.run(Future.scala:23) [scala-library-2.11.1.jar:na]
	at akka.dispatch.TaskInvocation.run(AbstractDispatcher.scala:41) [akka-actor_2.11-2.3.4.jar:na]
	at akka.dispatch.ForkJoinExecutorConfigurator$AkkaForkJoinTask.exec(AbstractDispatcher.scala:393) [akka-actor_2.11-2.3.4.jar:na]
	at scala.concurrent.forkjoin.ForkJoinTask.doExec(ForkJoinTask.java:260) [scala-library-2.11.1.jar:na]
	at scala.concurrent.forkjoin.ForkJoinPool$WorkQueue.runTask(ForkJoinPool.java:1339) [scala-library-2.11.1.jar:na]
	at scala.concurrent.forkjoin.ForkJoinPool.runWorker(ForkJoinPool.java:1979) [scala-library-2.11.1.jar:na]
	at scala.concurrent.forkjoin.ForkJoinWorkerThread.run(ForkJoinWorkerThread.java:107) [scala-library-2.11.1.jar:na]
Caused by: java.util.NoSuchElementException: key not found: eI-w_tOuv-g:APA91bF2918tYhJNz9mQG3IPupK6HPBzp8owzyCo6OcFjRFp7Ayb_ApealXNmpjtn45aBt3GlGA5HwRuqZWNwo5cXdV9HZmzTYf2RdIIKyxVXHcna33eADaiKHninTQE9yESfnHW7zK9
	at scala.collection.MapLike$class.default(MapLike.scala:228) ~[scala-library-2.11.1.jar:na]
	at scala.collection.AbstractMap.default(Map.scala:59) ~[scala-library-2.11.1.jar:na]
	at scala.collection.mutable.HashMap.apply(HashMap.scala:65) ~[scala-library-2.11.1.jar:na]
	at Utils.TokenUtil$.getToken(TokenUtil.scala:16) ~[classes/:na]
	at controllers.Application$$anonfun$help$1.apply(Application.scala:22) ~[classes/:na]
	at controllers.Application$$anonfun$help$1.apply(Application.scala:17) ~[classes/:na]
	at play.api.mvc.ActionBuilder$$anonfun$apply$16.apply(Action.scala:433) ~[play_2.11-2.3.9.jar:2.3.9]
	at play.api.mvc.ActionBuilder$$anonfun$apply$16.apply(Action.scala:432) ~[play_2.11-2.3.9.jar:2.3.9]
	at play.api.mvc.Action$.invokeBlock(Action.scala:556) ~[play_2.11-2.3.9.jar:2.3.9]
	at play.api.mvc.Action$.invokeBlock(Action.scala:555) ~[play_2.11-2.3.9.jar:2.3.9]
	at play.api.mvc.ActionBuilder$$anon$1.apply(Action.scala:518) ~[play_2.11-2.3.9.jar:2.3.9]
	at play.api.mvc.Action$$anonfun$apply$1$$anonfun$apply$4$$anonfun$apply$5.apply(Action.scala:130) ~[play_2.11-2.3.9.jar:2.3.9]
	at play.api.mvc.Action$$anonfun$apply$1$$anonfun$apply$4$$anonfun$apply$5.apply(Action.scala:130) ~[play_2.11-2.3.9.jar:2.3.9]
	at play.utils.Threads$.withContextClassLoader(Threads.scala:21) ~[play_2.11-2.3.9.jar:2.3.9]
	at play.api.mvc.Action$$anonfun$apply$1$$anonfun$apply$4.apply(Action.scala:129) ~[play_2.11-2.3.9.jar:2.3.9]
	at play.api.mvc.Action$$anonfun$apply$1$$anonfun$apply$4.apply(Action.scala:128) ~[play_2.11-2.3.9.jar:2.3.9]
	at scala.Option.map(Option.scala:145) [scala-library-2.11.1.jar:na]
	at play.api.mvc.Action$$anonfun$apply$1.apply(Action.scala:128) ~[play_2.11-2.3.9.jar:2.3.9]
	at play.api.mvc.Action$$anonfun$apply$1.apply(Action.scala:121) ~[play_2.11-2.3.9.jar:2.3.9]
	at play.api.libs.iteratee.Iteratee$$anonfun$mapM$1.apply(Iteratee.scala:483) ~[play-iteratees_2.11-2.3.9.jar:2.3.9]
	at play.api.libs.iteratee.Iteratee$$anonfun$mapM$1.apply(Iteratee.scala:483) ~[play-iteratees_2.11-2.3.9.jar:2.3.9]
	at play.api.libs.iteratee.Iteratee$$anonfun$flatMapM$1.apply(Iteratee.scala:519) ~[play-iteratees_2.11-2.3.9.jar:2.3.9]
	at play.api.libs.iteratee.Iteratee$$anonfun$flatMapM$1.apply(Iteratee.scala:519) ~[play-iteratees_2.11-2.3.9.jar:2.3.9]
	at play.api.libs.iteratee.Iteratee$$anonfun$flatMap$1$$anonfun$apply$14.apply(Iteratee.scala:496) ~[play-iteratees_2.11-2.3.9.jar:2.3.9]
	at play.api.libs.iteratee.Iteratee$$anonfun$flatMap$1$$anonfun$apply$14.apply(Iteratee.scala:496) ~[play-iteratees_2.11-2.3.9.jar:2.3.9]
	at scala.concurrent.impl.Future$PromiseCompletingRunnable.liftedTree1$1(Future.scala:24) [scala-library-2.11.1.jar:na]
	at scala.concurrent.impl.Future$PromiseCompletingRunnable.run(Future.scala:24) [scala-library-2.11.1.jar:na]
	... 6 common frames omitted

2015-08-22 18:57:13,544 - [ERROR] - from play in New I/O worker #1 
Cannot invoke the action, eventually got an error: java.util.NoSuchElementException: key not found: eI-w_tOuv-g:APA91bF2918tYhJNz9mQG3IPupK6HPBzp8owzyCo6OcFjRFp7Ayb_ApealXNmpjtn45aBt3GlGA5HwRuqZWNwo5cXdV9HZmzTYf2RdIIKyxVXHcna33eADaiKHninTQE9yESfnHW7zK9

2015-08-22 18:57:13,546 - [ERROR] - from play in play-akka.actor.default-dispatcher-3 
Cannot invoke the action, eventually got an error: java.util.NoSuchElementException: key not found: eI-w_tOuv-g:APA91bF2918tYhJNz9mQG3IPupK6HPBzp8owzyCo6OcFjRFp7Ayb_ApealXNmpjtn45aBt3GlGA5HwRuqZWNwo5cXdV9HZmzTYf2RdIIKyxVXHcna33eADaiKHninTQE9yESfnHW7zK9

2015-08-22 18:57:13,557 - [ERROR] - from application in play-akka.actor.default-dispatcher-3 


! @6n8ankeop - Internal server error, for (POST) [/rest/help?major=1&mirror=1&help_string=%E6%88%91%E5%8F%97%E5%82%B7%E4%BA%86%E6%88%91%E5%8F%97%E5%82%B7%E4%BA%86%E5%97%8E%E6%88%91%E5%8F%97%E5%82%B7%E4%BA%86%E5%96%94%E6%88%91%E5%8F%97%E5%82%B7%E6%A8%82%E6%88%91%E5%8F%97%E5%95%86%E6%A8%82] ->

play.api.Application$$anon$1: Execution exception[[NoSuchElementException: key not found: eI-w_tOuv-g:APA91bF2918tYhJNz9mQG3IPupK6HPBzp8owzyCo6OcFjRFp7Ayb_ApealXNmpjtn45aBt3GlGA5HwRuqZWNwo5cXdV9HZmzTYf2RdIIKyxVXHcna33eADaiKHninTQE9yESfnHW7zK9]]
	at play.api.Application$class.handleError(Application.scala:296) ~[play_2.11-2.3.9.jar:2.3.9]
	at play.api.DefaultApplication.handleError(Application.scala:402) [play_2.11-2.3.9.jar:2.3.9]
	at play.core.server.netty.PlayDefaultUpstreamHandler$$anonfun$3$$anonfun$applyOrElse$4.apply(PlayDefaultUpstreamHandler.scala:320) [play_2.11-2.3.9.jar:2.3.9]
	at play.core.server.netty.PlayDefaultUpstreamHandler$$anonfun$3$$anonfun$applyOrElse$4.apply(PlayDefaultUpstreamHandler.scala:320) [play_2.11-2.3.9.jar:2.3.9]
	at scala.Option.map(Option.scala:145) [scala-library-2.11.1.jar:na]
	at play.core.server.netty.PlayDefaultUpstreamHandler$$anonfun$3.applyOrElse(PlayDefaultUpstreamHandler.scala:320) [play_2.11-2.3.9.jar:2.3.9]
	at play.core.server.netty.PlayDefaultUpstreamHandler$$anonfun$3.applyOrElse(PlayDefaultUpstreamHandler.scala:316) [play_2.11-2.3.9.jar:2.3.9]
	at scala.concurrent.Future$$anonfun$recoverWith$1.apply(Future.scala:344) [scala-library-2.11.1.jar:na]
	at scala.concurrent.Future$$anonfun$recoverWith$1.apply(Future.scala:343) [scala-library-2.11.1.jar:na]
	at scala.concurrent.impl.CallbackRunnable.run(Promise.scala:32) [scala-library-2.11.1.jar:na]
	at play.api.libs.iteratee.Execution$trampoline$.execute(Execution.scala:46) [play-iteratees_2.11-2.3.9.jar:2.3.9]
	at scala.concurrent.impl.CallbackRunnable.executeWithValue(Promise.scala:40) [scala-library-2.11.1.jar:na]
	at scala.concurrent.impl.Promise$DefaultPromise.tryComplete(Promise.scala:248) [scala-library-2.11.1.jar:na]
	at scala.concurrent.Promise$class.complete(Promise.scala:55) [scala-library-2.11.1.jar:na]
	at scala.concurrent.impl.Promise$DefaultPromise.complete(Promise.scala:153) [scala-library-2.11.1.jar:na]
	at scala.concurrent.impl.Future$PromiseCompletingRunnable.run(Future.scala:23) [scala-library-2.11.1.jar:na]
	at akka.dispatch.TaskInvocation.run(AbstractDispatcher.scala:41) [akka-actor_2.11-2.3.4.jar:na]
	at akka.dispatch.ForkJoinExecutorConfigurator$AkkaForkJoinTask.exec(AbstractDispatcher.scala:393) [akka-actor_2.11-2.3.4.jar:na]
	at scala.concurrent.forkjoin.ForkJoinTask.doExec(ForkJoinTask.java:260) [scala-library-2.11.1.jar:na]
	at scala.concurrent.forkjoin.ForkJoinPool$WorkQueue.runTask(ForkJoinPool.java:1339) [scala-library-2.11.1.jar:na]
	at scala.concurrent.forkjoin.ForkJoinPool.runWorker(ForkJoinPool.java:1979) [scala-library-2.11.1.jar:na]
	at scala.concurrent.forkjoin.ForkJoinWorkerThread.run(ForkJoinWorkerThread.java:107) [scala-library-2.11.1.jar:na]
Caused by: java.util.NoSuchElementException: key not found: eI-w_tOuv-g:APA91bF2918tYhJNz9mQG3IPupK6HPBzp8owzyCo6OcFjRFp7Ayb_ApealXNmpjtn45aBt3GlGA5HwRuqZWNwo5cXdV9HZmzTYf2RdIIKyxVXHcna33eADaiKHninTQE9yESfnHW7zK9
	at scala.collection.MapLike$class.default(MapLike.scala:228) ~[scala-library-2.11.1.jar:na]
	at scala.collection.AbstractMap.default(Map.scala:59) ~[scala-library-2.11.1.jar:na]
	at scala.collection.mutable.HashMap.apply(HashMap.scala:65) ~[scala-library-2.11.1.jar:na]
	at Utils.TokenUtil$.getToken(TokenUtil.scala:16) ~[classes/:na]
	at controllers.Application$$anonfun$help$1.apply(Application.scala:22) ~[classes/:na]
	at controllers.Application$$anonfun$help$1.apply(Application.scala:17) ~[classes/:na]
	at play.api.mvc.ActionBuilder$$anonfun$apply$16.apply(Action.scala:433) ~[play_2.11-2.3.9.jar:2.3.9]
	at play.api.mvc.ActionBuilder$$anonfun$apply$16.apply(Action.scala:432) ~[play_2.11-2.3.9.jar:2.3.9]
	at play.api.mvc.Action$.invokeBlock(Action.scala:556) ~[play_2.11-2.3.9.jar:2.3.9]
	at play.api.mvc.Action$.invokeBlock(Action.scala:555) ~[play_2.11-2.3.9.jar:2.3.9]
	at play.api.mvc.ActionBuilder$$anon$1.apply(Action.scala:518) ~[play_2.11-2.3.9.jar:2.3.9]
	at play.api.mvc.Action$$anonfun$apply$1$$anonfun$apply$4$$anonfun$apply$5.apply(Action.scala:130) ~[play_2.11-2.3.9.jar:2.3.9]
	at play.api.mvc.Action$$anonfun$apply$1$$anonfun$apply$4$$anonfun$apply$5.apply(Action.scala:130) ~[play_2.11-2.3.9.jar:2.3.9]
	at play.utils.Threads$.withContextClassLoader(Threads.scala:21) ~[play_2.11-2.3.9.jar:2.3.9]
	at play.api.mvc.Action$$anonfun$apply$1$$anonfun$apply$4.apply(Action.scala:129) ~[play_2.11-2.3.9.jar:2.3.9]
	at play.api.mvc.Action$$anonfun$apply$1$$anonfun$apply$4.apply(Action.scala:128) ~[play_2.11-2.3.9.jar:2.3.9]
	at scala.Option.map(Option.scala:145) [scala-library-2.11.1.jar:na]
	at play.api.mvc.Action$$anonfun$apply$1.apply(Action.scala:128) ~[play_2.11-2.3.9.jar:2.3.9]
	at play.api.mvc.Action$$anonfun$apply$1.apply(Action.scala:121) ~[play_2.11-2.3.9.jar:2.3.9]
	at play.api.libs.iteratee.Iteratee$$anonfun$mapM$1.apply(Iteratee.scala:483) ~[play-iteratees_2.11-2.3.9.jar:2.3.9]
	at play.api.libs.iteratee.Iteratee$$anonfun$mapM$1.apply(Iteratee.scala:483) ~[play-iteratees_2.11-2.3.9.jar:2.3.9]
	at play.api.libs.iteratee.Iteratee$$anonfun$flatMapM$1.apply(Iteratee.scala:519) ~[play-iteratees_2.11-2.3.9.jar:2.3.9]
	at play.api.libs.iteratee.Iteratee$$anonfun$flatMapM$1.apply(Iteratee.scala:519) ~[play-iteratees_2.11-2.3.9.jar:2.3.9]
	at play.api.libs.iteratee.Iteratee$$anonfun$flatMap$1$$anonfun$apply$14.apply(Iteratee.scala:496) ~[play-iteratees_2.11-2.3.9.jar:2.3.9]
	at play.api.libs.iteratee.Iteratee$$anonfun$flatMap$1$$anonfun$apply$14.apply(Iteratee.scala:496) ~[play-iteratees_2.11-2.3.9.jar:2.3.9]
	at scala.concurrent.impl.Future$PromiseCompletingRunnable.liftedTree1$1(Future.scala:24) [scala-library-2.11.1.jar:na]
	at scala.concurrent.impl.Future$PromiseCompletingRunnable.run(Future.scala:24) [scala-library-2.11.1.jar:na]
	... 6 common frames omitted

2015-08-22 18:57:13,566 - [ERROR] - from application in New I/O worker #1 


! @6n8ankep1 - Internal server error, for (POST) [/rest/help?major=1&mirror=1&help_string=%E6%88%91%E5%8F%97%E5%82%B7%E4%BA%86%E6%88%91%E5%8F%97%E5%82%B7%E4%BA%86%E5%97%8E%E6%88%91%E5%8F%97%E5%82%B7%E4%BA%86%E5%96%94%E6%88%91%E5%8F%97%E5%82%B7%E6%A8%82%E6%88%91%E5%8F%97%E5%95%86%E6%A8%82] ->

play.api.Application$$anon$1: Execution exception[[NoSuchElementException: key not found: eI-w_tOuv-g:APA91bF2918tYhJNz9mQG3IPupK6HPBzp8owzyCo6OcFjRFp7Ayb_ApealXNmpjtn45aBt3GlGA5HwRuqZWNwo5cXdV9HZmzTYf2RdIIKyxVXHcna33eADaiKHninTQE9yESfnHW7zK9]]
	at play.api.Application$class.handleError(Application.scala:296) ~[play_2.11-2.3.9.jar:2.3.9]
	at play.api.DefaultApplication.handleError(Application.scala:402) [play_2.11-2.3.9.jar:2.3.9]
	at play.core.server.netty.PlayDefaultUpstreamHandler$$anonfun$3$$anonfun$applyOrElse$4.apply(PlayDefaultUpstreamHandler.scala:320) [play_2.11-2.3.9.jar:2.3.9]
	at play.core.server.netty.PlayDefaultUpstreamHandler$$anonfun$3$$anonfun$applyOrElse$4.apply(PlayDefaultUpstreamHandler.scala:320) [play_2.11-2.3.9.jar:2.3.9]
	at scala.Option.map(Option.scala:145) [scala-library-2.11.1.jar:na]
	at play.core.server.netty.PlayDefaultUpstreamHandler$$anonfun$3.applyOrElse(PlayDefaultUpstreamHandler.scala:320) [play_2.11-2.3.9.jar:2.3.9]
	at play.core.server.netty.PlayDefaultUpstreamHandler$$anonfun$3.applyOrElse(PlayDefaultUpstreamHandler.scala:316) [play_2.11-2.3.9.jar:2.3.9]
	at scala.concurrent.Future$$anonfun$recoverWith$1.apply(Future.scala:344) [scala-library-2.11.1.jar:na]
	at scala.concurrent.Future$$anonfun$recoverWith$1.apply(Future.scala:343) [scala-library-2.11.1.jar:na]
	at scala.concurrent.impl.CallbackRunnable.run(Promise.scala:32) [scala-library-2.11.1.jar:na]
	at play.api.libs.iteratee.Execution$trampoline$.execute(Execution.scala:46) [play-iteratees_2.11-2.3.9.jar:2.3.9]
	at scala.concurrent.impl.CallbackRunnable.executeWithValue(Promise.scala:40) [scala-library-2.11.1.jar:na]
	at scala.concurrent.impl.Promise$DefaultPromise.scala$concurrent$impl$Promise$DefaultPromise$$dispatchOrAddCallback(Promise.scala:280) [scala-library-2.11.1.jar:na]
	at scala.concurrent.impl.Promise$DefaultPromise.onComplete(Promise.scala:270) [scala-library-2.11.1.jar:na]
	at scala.concurrent.Future$class.recoverWith(Future.scala:343) [scala-library-2.11.1.jar:na]
	at scala.concurrent.impl.Promise$DefaultPromise.recoverWith(Promise.scala:153) [scala-library-2.11.1.jar:na]
	at play.core.server.netty.PlayDefaultUpstreamHandler.play$core$server$netty$PlayDefaultUpstreamHandler$$handleAction$1(PlayDefaultUpstreamHandler.scala:316) [play_2.11-2.3.9.jar:2.3.9]
	at play.core.server.netty.PlayDefaultUpstreamHandler.messageReceived(PlayDefaultUpstreamHandler.scala:209) [play_2.11-2.3.9.jar:2.3.9]
	at org.jboss.netty.channel.SimpleChannelUpstreamHandler.handleUpstream(SimpleChannelUpstreamHandler.java:70) [netty-3.9.8.Final.jar:na]
	at org.jboss.netty.channel.DefaultChannelPipeline.sendUpstream(DefaultChannelPipeline.java:564) [netty-3.9.8.Final.jar:na]
	at org.jboss.netty.channel.DefaultChannelPipeline$DefaultChannelHandlerContext.sendUpstream(DefaultChannelPipeline.java:791) [netty-3.9.8.Final.jar:na]
	at com.typesafe.netty.http.pipelining.HttpPipeliningHandler.messageReceived(HttpPipeliningHandler.java:62) [netty-http-pipelining-1.1.2.jar:na]
	at org.jboss.netty.channel.SimpleChannelHandler.handleUpstream(SimpleChannelHandler.java:88) [netty-3.9.8.Final.jar:na]
	at org.jboss.netty.channel.DefaultChannelPipeline.sendUpstream(DefaultChannelPipeline.java:564) [netty-3.9.8.Final.jar:na]
	at org.jboss.netty.channel.DefaultChannelPipeline$DefaultChannelHandlerContext.sendUpstream(DefaultChannelPipeline.java:791) [netty-3.9.8.Final.jar:na]
	at org.jboss.netty.handler.codec.http.HttpContentDecoder.messageReceived(HttpContentDecoder.java:108) [netty-3.9.8.Final.jar:na]
	at org.jboss.netty.channel.SimpleChannelUpstreamHandler.handleUpstream(SimpleChannelUpstreamHandler.java:70) [netty-3.9.8.Final.jar:na]
	at org.jboss.netty.channel.DefaultChannelPipeline.sendUpstream(DefaultChannelPipeline.java:564) [netty-3.9.8.Final.jar:na]
	at org.jboss.netty.channel.DefaultChannelPipeline$DefaultChannelHandlerContext.sendUpstream(DefaultChannelPipeline.java:791) [netty-3.9.8.Final.jar:na]
	at org.jboss.netty.channel.Channels.fireMessageReceived(Channels.java:296) [netty-3.9.8.Final.jar:na]
	at org.jboss.netty.handler.codec.frame.FrameDecoder.unfoldAndFireMessageReceived(FrameDecoder.java:459) [netty-3.9.8.Final.jar:na]
	at org.jboss.netty.handler.codec.replay.ReplayingDecoder.callDecode(ReplayingDecoder.java:536) [netty-3.9.8.Final.jar:na]
	at org.jboss.netty.handler.codec.replay.ReplayingDecoder.messageReceived(ReplayingDecoder.java:435) [netty-3.9.8.Final.jar:na]
	at org.jboss.netty.channel.SimpleChannelUpstreamHandler.handleUpstream(SimpleChannelUpstreamHandler.java:70) [netty-3.9.8.Final.jar:na]
	at org.jboss.netty.channel.DefaultChannelPipeline.sendUpstream(DefaultChannelPipeline.java:564) [netty-3.9.8.Final.jar:na]
	at org.jboss.netty.channel.DefaultChannelPipeline.sendUpstream(DefaultChannelPipeline.java:559) [netty-3.9.8.Final.jar:na]
	at org.jboss.netty.channel.Channels.fireMessageReceived(Channels.java:268) [netty-3.9.8.Final.jar:na]
	at org.jboss.netty.channel.Channels.fireMessageReceived(Channels.java:255) [netty-3.9.8.Final.jar:na]
	at org.jboss.netty.channel.socket.nio.NioWorker.read(NioWorker.java:88) [netty-3.9.8.Final.jar:na]
	at org.jboss.netty.channel.socket.nio.AbstractNioWorker.process(AbstractNioWorker.java:108) [netty-3.9.8.Final.jar:na]
	at org.jboss.netty.channel.socket.nio.AbstractNioSelector.run(AbstractNioSelector.java:337) [netty-3.9.8.Final.jar:na]
	at org.jboss.netty.channel.socket.nio.AbstractNioWorker.run(AbstractNioWorker.java:89) [netty-3.9.8.Final.jar:na]
	at org.jboss.netty.channel.socket.nio.NioWorker.run(NioWorker.java:178) [netty-3.9.8.Final.jar:na]
	at org.jboss.netty.util.ThreadRenamingRunnable.run(ThreadRenamingRunnable.java:108) [netty-3.9.8.Final.jar:na]
	at org.jboss.netty.util.internal.DeadLockProofWorker$1.run(DeadLockProofWorker.java:42) [netty-3.9.8.Final.jar:na]
	at java.util.concurrent.ThreadPoolExecutor.runWorker(ThreadPoolExecutor.java:1145) [na:1.7.0_79]
	at java.util.concurrent.ThreadPoolExecutor$Worker.run(ThreadPoolExecutor.java:615) [na:1.7.0_79]
	at java.lang.Thread.run(Thread.java:745) [na:1.7.0_79]
Caused by: java.util.NoSuchElementException: key not found: eI-w_tOuv-g:APA91bF2918tYhJNz9mQG3IPupK6HPBzp8owzyCo6OcFjRFp7Ayb_ApealXNmpjtn45aBt3GlGA5HwRuqZWNwo5cXdV9HZmzTYf2RdIIKyxVXHcna33eADaiKHninTQE9yESfnHW7zK9
	at scala.collection.MapLike$class.default(MapLike.scala:228) ~[scala-library-2.11.1.jar:na]
	at scala.collection.AbstractMap.default(Map.scala:59) ~[scala-library-2.11.1.jar:na]
	at scala.collection.mutable.HashMap.apply(HashMap.scala:65) ~[scala-library-2.11.1.jar:na]
	at Utils.TokenUtil$.getToken(TokenUtil.scala:16) ~[na:na]
	at controllers.Application$$anonfun$help$1.apply(Application.scala:22) ~[na:na]
	at controllers.Application$$anonfun$help$1.apply(Application.scala:17) ~[na:na]
	at play.api.mvc.ActionBuilder$$anonfun$apply$16.apply(Action.scala:433) ~[play_2.11-2.3.9.jar:2.3.9]
	at play.api.mvc.ActionBuilder$$anonfun$apply$16.apply(Action.scala:432) ~[play_2.11-2.3.9.jar:2.3.9]
	at play.api.mvc.Action$.invokeBlock(Action.scala:556) ~[play_2.11-2.3.9.jar:2.3.9]
	at play.api.mvc.Action$.invokeBlock(Action.scala:555) ~[play_2.11-2.3.9.jar:2.3.9]
	at play.api.mvc.ActionBuilder$$anon$1.apply(Action.scala:518) ~[play_2.11-2.3.9.jar:2.3.9]
	at play.api.mvc.Action$$anonfun$apply$1$$anonfun$apply$4$$anonfun$apply$5.apply(Action.scala:130) ~[play_2.11-2.3.9.jar:2.3.9]
	at play.api.mvc.Action$$anonfun$apply$1$$anonfun$apply$4$$anonfun$apply$5.apply(Action.scala:130) ~[play_2.11-2.3.9.jar:2.3.9]
	at play.utils.Threads$.withContextClassLoader(Threads.scala:21) ~[play_2.11-2.3.9.jar:2.3.9]
	at play.api.mvc.Action$$anonfun$apply$1$$anonfun$apply$4.apply(Action.scala:129) ~[play_2.11-2.3.9.jar:2.3.9]
	at play.api.mvc.Action$$anonfun$apply$1$$anonfun$apply$4.apply(Action.scala:128) ~[play_2.11-2.3.9.jar:2.3.9]
	at scala.Option.map(Option.scala:145) [scala-library-2.11.1.jar:na]
	at play.api.mvc.Action$$anonfun$apply$1.apply(Action.scala:128) ~[play_2.11-2.3.9.jar:2.3.9]
	at play.api.mvc.Action$$anonfun$apply$1.apply(Action.scala:121) ~[play_2.11-2.3.9.jar:2.3.9]
	at play.api.libs.iteratee.Iteratee$$anonfun$mapM$1.apply(Iteratee.scala:483) ~[play-iteratees_2.11-2.3.9.jar:2.3.9]
	at play.api.libs.iteratee.Iteratee$$anonfun$mapM$1.apply(Iteratee.scala:483) ~[play-iteratees_2.11-2.3.9.jar:2.3.9]
	at play.api.libs.iteratee.Iteratee$$anonfun$flatMapM$1.apply(Iteratee.scala:519) ~[play-iteratees_2.11-2.3.9.jar:2.3.9]
	at play.api.libs.iteratee.Iteratee$$anonfun$flatMapM$1.apply(Iteratee.scala:519) ~[play-iteratees_2.11-2.3.9.jar:2.3.9]
	at play.api.libs.iteratee.Iteratee$$anonfun$flatMap$1$$anonfun$apply$14.apply(Iteratee.scala:496) ~[play-iteratees_2.11-2.3.9.jar:2.3.9]
	at play.api.libs.iteratee.Iteratee$$anonfun$flatMap$1$$anonfun$apply$14.apply(Iteratee.scala:496) ~[play-iteratees_2.11-2.3.9.jar:2.3.9]
	at scala.concurrent.impl.Future$PromiseCompletingRunnable.liftedTree1$1(Future.scala:24) ~[scala-library-2.11.1.jar:na]
	at scala.concurrent.impl.Future$PromiseCompletingRunnable.run(Future.scala:24) ~[scala-library-2.11.1.jar:na]
	at akka.dispatch.TaskInvocation.run(AbstractDispatcher.scala:41) ~[akka-actor_2.11-2.3.4.jar:na]
	at akka.dispatch.ForkJoinExecutorConfigurator$AkkaForkJoinTask.exec(AbstractDispatcher.scala:393) ~[akka-actor_2.11-2.3.4.jar:na]
	at scala.concurrent.forkjoin.ForkJoinTask.doExec(ForkJoinTask.java:260) ~[scala-library-2.11.1.jar:na]
	at scala.concurrent.forkjoin.ForkJoinPool$WorkQueue.runTask(ForkJoinPool.java:1339) ~[scala-library-2.11.1.jar:na]
	at scala.concurrent.forkjoin.ForkJoinPool.runWorker(ForkJoinPool.java:1979) ~[scala-library-2.11.1.jar:na]
	at scala.concurrent.forkjoin.ForkJoinWorkerThread.run(ForkJoinWorkerThread.java:107) ~[scala-library-2.11.1.jar:na]

2015-08-22 18:57:36,991 - [DEBUG] - from application in ForkJoinPool-3-worker-1 
Result: {"multicast_id":8326730899691868876,"success":2,"failure":0,"canonical_ids":0,"results":[{"message_id":"0:1440295058489232%2a13303ff9fd7ecd"},{"message_id":"0:1440295058488892%2a13303ff9fd7ecd"}]}

2015-08-22 18:57:36,991 - [DEBUG] - from application in ForkJoinPool-3-worker-3 
Result: {"multicast_id":9096331846360068944,"success":2,"failure":0,"canonical_ids":0,"results":[{"message_id":"0:1440295058496659%2a13303ff9fd7ecd"},{"message_id":"0:1440295058498347%2a13303ff9fd7ecd"}]}

2015-08-22 18:58:37,033 - [DEBUG] - from application in ForkJoinPool-3-worker-1 
Result: {"multicast_id":8036785385560862552,"success":2,"failure":0,"canonical_ids":0,"results":[{"message_id":"0:1440295118489521%2a13303ff9fd7ecd"},{"message_id":"0:1440295118489522%2a13303ff9fd7ecd"}]}

2015-08-22 18:58:37,041 - [DEBUG] - from application in ForkJoinPool-3-worker-1 
Result: {"multicast_id":8293682719449828233,"success":2,"failure":0,"canonical_ids":0,"results":[{"message_id":"0:1440295118497808%2a13303ff9fd7ecd"},{"message_id":"0:1440295118498423%2a13303ff9fd7ecd"}]}

2015-08-22 18:58:55,272 - [DEBUG] - from application in ForkJoinPool-3-worker-1 
Result: {"multicast_id":6440650159011621900,"success":2,"failure":0,"canonical_ids":0,"results":[{"message_id":"0:1440295136805994%2a13303ff9fd7ecd"},{"message_id":"0:1440295136805995%2a13303ff9fd7ecd"}]}

2015-08-22 18:58:55,276 - [DEBUG] - from application in ForkJoinPool-3-worker-3 
Result: {"multicast_id":5661599800279601378,"success":2,"failure":0,"canonical_ids":0,"results":[{"message_id":"0:1440295136783032%2a13303ff9fd7ecd"},{"message_id":"0:1440295136781373%2a13303ff9fd7ecd"}]}

2015-08-22 18:59:39,001 - [INFO] - from play in play-internal-execution-context-2 
Application started (Dev)

2015-08-22 18:59:39,040 - [ERROR] - from play in play-akka.actor.default-dispatcher-11 
Cannot invoke the action, eventually got an error: java.util.NoSuchElementException: key not found: eI-w_tOuv-g:APA91bF2918tYhJNz9mQG3IPupK6HPBzp8owzyCo6OcFjRFp7Ayb_ApealXNmpjtn45aBt3GlGA5HwRuqZWNwo5cXdV9HZmzTYf2RdIIKyxVXHcna33eADaiKHninTQE9yESfnHW7zK9

2015-08-22 18:59:39,044 - [ERROR] - from application in play-akka.actor.default-dispatcher-11 


! @6n8ao2m4j - Internal server error, for (POST) [/rest/help?major=1&mirror=1&help_string=%E5%93%88%E5%9B%89%E9%98%BF%E5%9B%89%E5%93%88%E5%9B%89%E5%96%94%E5%93%88%E5%9B%89%E5%9B%89%E5%93%88%E5%93%88%E5%9B%89] ->

play.api.Application$$anon$1: Execution exception[[NoSuchElementException: key not found: eI-w_tOuv-g:APA91bF2918tYhJNz9mQG3IPupK6HPBzp8owzyCo6OcFjRFp7Ayb_ApealXNmpjtn45aBt3GlGA5HwRuqZWNwo5cXdV9HZmzTYf2RdIIKyxVXHcna33eADaiKHninTQE9yESfnHW7zK9]]
	at play.api.Application$class.handleError(Application.scala:296) ~[play_2.11-2.3.9.jar:2.3.9]
	at play.api.DefaultApplication.handleError(Application.scala:402) [play_2.11-2.3.9.jar:2.3.9]
	at play.core.server.netty.PlayDefaultUpstreamHandler$$anonfun$3$$anonfun$applyOrElse$4.apply(PlayDefaultUpstreamHandler.scala:320) [play_2.11-2.3.9.jar:2.3.9]
	at play.core.server.netty.PlayDefaultUpstreamHandler$$anonfun$3$$anonfun$applyOrElse$4.apply(PlayDefaultUpstreamHandler.scala:320) [play_2.11-2.3.9.jar:2.3.9]
	at scala.Option.map(Option.scala:145) [scala-library-2.11.1.jar:na]
	at play.core.server.netty.PlayDefaultUpstreamHandler$$anonfun$3.applyOrElse(PlayDefaultUpstreamHandler.scala:320) [play_2.11-2.3.9.jar:2.3.9]
	at play.core.server.netty.PlayDefaultUpstreamHandler$$anonfun$3.applyOrElse(PlayDefaultUpstreamHandler.scala:316) [play_2.11-2.3.9.jar:2.3.9]
	at scala.concurrent.Future$$anonfun$recoverWith$1.apply(Future.scala:344) [scala-library-2.11.1.jar:na]
	at scala.concurrent.Future$$anonfun$recoverWith$1.apply(Future.scala:343) [scala-library-2.11.1.jar:na]
	at scala.concurrent.impl.CallbackRunnable.run(Promise.scala:32) [scala-library-2.11.1.jar:na]
	at play.api.libs.iteratee.Execution$trampoline$.execute(Execution.scala:46) [play-iteratees_2.11-2.3.9.jar:2.3.9]
	at scala.concurrent.impl.CallbackRunnable.executeWithValue(Promise.scala:40) [scala-library-2.11.1.jar:na]
	at scala.concurrent.impl.Promise$DefaultPromise.tryComplete(Promise.scala:248) [scala-library-2.11.1.jar:na]
	at scala.concurrent.Promise$class.complete(Promise.scala:55) [scala-library-2.11.1.jar:na]
	at scala.concurrent.impl.Promise$DefaultPromise.complete(Promise.scala:153) [scala-library-2.11.1.jar:na]
	at scala.concurrent.impl.Future$PromiseCompletingRunnable.run(Future.scala:23) [scala-library-2.11.1.jar:na]
	at akka.dispatch.TaskInvocation.run(AbstractDispatcher.scala:41) [akka-actor_2.11-2.3.4.jar:na]
	at akka.dispatch.ForkJoinExecutorConfigurator$AkkaForkJoinTask.exec(AbstractDispatcher.scala:393) [akka-actor_2.11-2.3.4.jar:na]
	at scala.concurrent.forkjoin.ForkJoinTask.doExec(ForkJoinTask.java:260) [scala-library-2.11.1.jar:na]
	at scala.concurrent.forkjoin.ForkJoinPool$WorkQueue.runTask(ForkJoinPool.java:1339) [scala-library-2.11.1.jar:na]
	at scala.concurrent.forkjoin.ForkJoinPool.runWorker(ForkJoinPool.java:1979) [scala-library-2.11.1.jar:na]
	at scala.concurrent.forkjoin.ForkJoinWorkerThread.run(ForkJoinWorkerThread.java:107) [scala-library-2.11.1.jar:na]
Caused by: java.util.NoSuchElementException: key not found: eI-w_tOuv-g:APA91bF2918tYhJNz9mQG3IPupK6HPBzp8owzyCo6OcFjRFp7Ayb_ApealXNmpjtn45aBt3GlGA5HwRuqZWNwo5cXdV9HZmzTYf2RdIIKyxVXHcna33eADaiKHninTQE9yESfnHW7zK9
	at scala.collection.MapLike$class.default(MapLike.scala:228) ~[scala-library-2.11.1.jar:na]
	at scala.collection.AbstractMap.default(Map.scala:59) ~[scala-library-2.11.1.jar:na]
	at scala.collection.mutable.HashMap.apply(HashMap.scala:65) ~[scala-library-2.11.1.jar:na]
	at Utils.TokenUtil$.getToken(TokenUtil.scala:16) ~[classes/:na]
	at controllers.Application$$anonfun$help$1.apply(Application.scala:22) ~[classes/:na]
	at controllers.Application$$anonfun$help$1.apply(Application.scala:17) ~[classes/:na]
	at play.api.mvc.ActionBuilder$$anonfun$apply$16.apply(Action.scala:433) ~[play_2.11-2.3.9.jar:2.3.9]
	at play.api.mvc.ActionBuilder$$anonfun$apply$16.apply(Action.scala:432) ~[play_2.11-2.3.9.jar:2.3.9]
	at play.api.mvc.Action$.invokeBlock(Action.scala:556) ~[play_2.11-2.3.9.jar:2.3.9]
	at play.api.mvc.Action$.invokeBlock(Action.scala:555) ~[play_2.11-2.3.9.jar:2.3.9]
	at play.api.mvc.ActionBuilder$$anon$1.apply(Action.scala:518) ~[play_2.11-2.3.9.jar:2.3.9]
	at play.api.mvc.Action$$anonfun$apply$1$$anonfun$apply$4$$anonfun$apply$5.apply(Action.scala:130) ~[play_2.11-2.3.9.jar:2.3.9]
	at play.api.mvc.Action$$anonfun$apply$1$$anonfun$apply$4$$anonfun$apply$5.apply(Action.scala:130) ~[play_2.11-2.3.9.jar:2.3.9]
	at play.utils.Threads$.withContextClassLoader(Threads.scala:21) ~[play_2.11-2.3.9.jar:2.3.9]
	at play.api.mvc.Action$$anonfun$apply$1$$anonfun$apply$4.apply(Action.scala:129) ~[play_2.11-2.3.9.jar:2.3.9]
	at play.api.mvc.Action$$anonfun$apply$1$$anonfun$apply$4.apply(Action.scala:128) ~[play_2.11-2.3.9.jar:2.3.9]
	at scala.Option.map(Option.scala:145) [scala-library-2.11.1.jar:na]
	at play.api.mvc.Action$$anonfun$apply$1.apply(Action.scala:128) ~[play_2.11-2.3.9.jar:2.3.9]
	at play.api.mvc.Action$$anonfun$apply$1.apply(Action.scala:121) ~[play_2.11-2.3.9.jar:2.3.9]
	at play.api.libs.iteratee.Iteratee$$anonfun$mapM$1.apply(Iteratee.scala:483) ~[play-iteratees_2.11-2.3.9.jar:2.3.9]
	at play.api.libs.iteratee.Iteratee$$anonfun$mapM$1.apply(Iteratee.scala:483) ~[play-iteratees_2.11-2.3.9.jar:2.3.9]
	at play.api.libs.iteratee.Iteratee$$anonfun$flatMapM$1.apply(Iteratee.scala:519) ~[play-iteratees_2.11-2.3.9.jar:2.3.9]
	at play.api.libs.iteratee.Iteratee$$anonfun$flatMapM$1.apply(Iteratee.scala:519) ~[play-iteratees_2.11-2.3.9.jar:2.3.9]
	at play.api.libs.iteratee.Iteratee$$anonfun$flatMap$1$$anonfun$apply$14.apply(Iteratee.scala:496) ~[play-iteratees_2.11-2.3.9.jar:2.3.9]
	at play.api.libs.iteratee.Iteratee$$anonfun$flatMap$1$$anonfun$apply$14.apply(Iteratee.scala:496) ~[play-iteratees_2.11-2.3.9.jar:2.3.9]
	at scala.concurrent.impl.Future$PromiseCompletingRunnable.liftedTree1$1(Future.scala:24) [scala-library-2.11.1.jar:na]
	at scala.concurrent.impl.Future$PromiseCompletingRunnable.run(Future.scala:24) [scala-library-2.11.1.jar:na]
	... 6 common frames omitted

2015-08-22 18:59:39,044 - [ERROR] - from play in play-akka.actor.default-dispatcher-9 
Cannot invoke the action, eventually got an error: java.util.NoSuchElementException: key not found: eI-w_tOuv-g:APA91bF2918tYhJNz9mQG3IPupK6HPBzp8owzyCo6OcFjRFp7Ayb_ApealXNmpjtn45aBt3GlGA5HwRuqZWNwo5cXdV9HZmzTYf2RdIIKyxVXHcna33eADaiKHninTQE9yESfnHW7zK9

2015-08-22 18:59:39,051 - [ERROR] - from application in play-akka.actor.default-dispatcher-9 


! @6n8ao2m51 - Internal server error, for (POST) [/rest/help?major=1&mirror=1&help_string=%E5%93%88%E5%9B%89%E9%98%BF%E5%9B%89%E5%93%88%E5%9B%89%E5%96%94%E5%93%88%E5%9B%89%E5%9B%89%E5%93%88%E5%93%88%E5%9B%89] ->

play.api.Application$$anon$1: Execution exception[[NoSuchElementException: key not found: eI-w_tOuv-g:APA91bF2918tYhJNz9mQG3IPupK6HPBzp8owzyCo6OcFjRFp7Ayb_ApealXNmpjtn45aBt3GlGA5HwRuqZWNwo5cXdV9HZmzTYf2RdIIKyxVXHcna33eADaiKHninTQE9yESfnHW7zK9]]
	at play.api.Application$class.handleError(Application.scala:296) ~[play_2.11-2.3.9.jar:2.3.9]
	at play.api.DefaultApplication.handleError(Application.scala:402) [play_2.11-2.3.9.jar:2.3.9]
	at play.core.server.netty.PlayDefaultUpstreamHandler$$anonfun$3$$anonfun$applyOrElse$4.apply(PlayDefaultUpstreamHandler.scala:320) [play_2.11-2.3.9.jar:2.3.9]
	at play.core.server.netty.PlayDefaultUpstreamHandler$$anonfun$3$$anonfun$applyOrElse$4.apply(PlayDefaultUpstreamHandler.scala:320) [play_2.11-2.3.9.jar:2.3.9]
	at scala.Option.map(Option.scala:145) [scala-library-2.11.1.jar:na]
	at play.core.server.netty.PlayDefaultUpstreamHandler$$anonfun$3.applyOrElse(PlayDefaultUpstreamHandler.scala:320) [play_2.11-2.3.9.jar:2.3.9]
	at play.core.server.netty.PlayDefaultUpstreamHandler$$anonfun$3.applyOrElse(PlayDefaultUpstreamHandler.scala:316) [play_2.11-2.3.9.jar:2.3.9]
	at scala.concurrent.Future$$anonfun$recoverWith$1.apply(Future.scala:344) [scala-library-2.11.1.jar:na]
	at scala.concurrent.Future$$anonfun$recoverWith$1.apply(Future.scala:343) [scala-library-2.11.1.jar:na]
	at scala.concurrent.impl.CallbackRunnable.run(Promise.scala:32) [scala-library-2.11.1.jar:na]
	at play.api.libs.iteratee.Execution$trampoline$.execute(Execution.scala:46) [play-iteratees_2.11-2.3.9.jar:2.3.9]
	at scala.concurrent.impl.CallbackRunnable.executeWithValue(Promise.scala:40) [scala-library-2.11.1.jar:na]
	at scala.concurrent.impl.Promise$DefaultPromise.tryComplete(Promise.scala:248) [scala-library-2.11.1.jar:na]
	at scala.concurrent.Promise$class.complete(Promise.scala:55) [scala-library-2.11.1.jar:na]
	at scala.concurrent.impl.Promise$DefaultPromise.complete(Promise.scala:153) [scala-library-2.11.1.jar:na]
	at scala.concurrent.impl.Future$PromiseCompletingRunnable.run(Future.scala:23) [scala-library-2.11.1.jar:na]
	at akka.dispatch.TaskInvocation.run(AbstractDispatcher.scala:41) [akka-actor_2.11-2.3.4.jar:na]
	at akka.dispatch.ForkJoinExecutorConfigurator$AkkaForkJoinTask.exec(AbstractDispatcher.scala:393) [akka-actor_2.11-2.3.4.jar:na]
	at scala.concurrent.forkjoin.ForkJoinTask.doExec(ForkJoinTask.java:260) [scala-library-2.11.1.jar:na]
	at scala.concurrent.forkjoin.ForkJoinPool$WorkQueue.runTask(ForkJoinPool.java:1339) [scala-library-2.11.1.jar:na]
	at scala.concurrent.forkjoin.ForkJoinPool.runWorker(ForkJoinPool.java:1979) [scala-library-2.11.1.jar:na]
	at scala.concurrent.forkjoin.ForkJoinWorkerThread.run(ForkJoinWorkerThread.java:107) [scala-library-2.11.1.jar:na]
Caused by: java.util.NoSuchElementException: key not found: eI-w_tOuv-g:APA91bF2918tYhJNz9mQG3IPupK6HPBzp8owzyCo6OcFjRFp7Ayb_ApealXNmpjtn45aBt3GlGA5HwRuqZWNwo5cXdV9HZmzTYf2RdIIKyxVXHcna33eADaiKHninTQE9yESfnHW7zK9
	at scala.collection.MapLike$class.default(MapLike.scala:228) ~[scala-library-2.11.1.jar:na]
	at scala.collection.AbstractMap.default(Map.scala:59) ~[scala-library-2.11.1.jar:na]
	at scala.collection.mutable.HashMap.apply(HashMap.scala:65) ~[scala-library-2.11.1.jar:na]
	at Utils.TokenUtil$.getToken(TokenUtil.scala:16) ~[classes/:na]
	at controllers.Application$$anonfun$help$1.apply(Application.scala:22) ~[classes/:na]
	at controllers.Application$$anonfun$help$1.apply(Application.scala:17) ~[classes/:na]
	at play.api.mvc.ActionBuilder$$anonfun$apply$16.apply(Action.scala:433) ~[play_2.11-2.3.9.jar:2.3.9]
	at play.api.mvc.ActionBuilder$$anonfun$apply$16.apply(Action.scala:432) ~[play_2.11-2.3.9.jar:2.3.9]
	at play.api.mvc.Action$.invokeBlock(Action.scala:556) ~[play_2.11-2.3.9.jar:2.3.9]
	at play.api.mvc.Action$.invokeBlock(Action.scala:555) ~[play_2.11-2.3.9.jar:2.3.9]
	at play.api.mvc.ActionBuilder$$anon$1.apply(Action.scala:518) ~[play_2.11-2.3.9.jar:2.3.9]
	at play.api.mvc.Action$$anonfun$apply$1$$anonfun$apply$4$$anonfun$apply$5.apply(Action.scala:130) ~[play_2.11-2.3.9.jar:2.3.9]
	at play.api.mvc.Action$$anonfun$apply$1$$anonfun$apply$4$$anonfun$apply$5.apply(Action.scala:130) ~[play_2.11-2.3.9.jar:2.3.9]
	at play.utils.Threads$.withContextClassLoader(Threads.scala:21) ~[play_2.11-2.3.9.jar:2.3.9]
	at play.api.mvc.Action$$anonfun$apply$1$$anonfun$apply$4.apply(Action.scala:129) ~[play_2.11-2.3.9.jar:2.3.9]
	at play.api.mvc.Action$$anonfun$apply$1$$anonfun$apply$4.apply(Action.scala:128) ~[play_2.11-2.3.9.jar:2.3.9]
	at scala.Option.map(Option.scala:145) [scala-library-2.11.1.jar:na]
	at play.api.mvc.Action$$anonfun$apply$1.apply(Action.scala:128) ~[play_2.11-2.3.9.jar:2.3.9]
	at play.api.mvc.Action$$anonfun$apply$1.apply(Action.scala:121) ~[play_2.11-2.3.9.jar:2.3.9]
	at play.api.libs.iteratee.Iteratee$$anonfun$mapM$1.apply(Iteratee.scala:483) ~[play-iteratees_2.11-2.3.9.jar:2.3.9]
	at play.api.libs.iteratee.Iteratee$$anonfun$mapM$1.apply(Iteratee.scala:483) ~[play-iteratees_2.11-2.3.9.jar:2.3.9]
	at play.api.libs.iteratee.Iteratee$$anonfun$flatMapM$1.apply(Iteratee.scala:519) ~[play-iteratees_2.11-2.3.9.jar:2.3.9]
	at play.api.libs.iteratee.Iteratee$$anonfun$flatMapM$1.apply(Iteratee.scala:519) ~[play-iteratees_2.11-2.3.9.jar:2.3.9]
	at play.api.libs.iteratee.Iteratee$$anonfun$flatMap$1$$anonfun$apply$14.apply(Iteratee.scala:496) ~[play-iteratees_2.11-2.3.9.jar:2.3.9]
	at play.api.libs.iteratee.Iteratee$$anonfun$flatMap$1$$anonfun$apply$14.apply(Iteratee.scala:496) ~[play-iteratees_2.11-2.3.9.jar:2.3.9]
	at scala.concurrent.impl.Future$PromiseCompletingRunnable.liftedTree1$1(Future.scala:24) [scala-library-2.11.1.jar:na]
	at scala.concurrent.impl.Future$PromiseCompletingRunnable.run(Future.scala:24) [scala-library-2.11.1.jar:na]
	... 6 common frames omitted

2015-08-22 18:59:54,110 - [ERROR] - from play in play-akka.actor.default-dispatcher-10 
Cannot invoke the action, eventually got an error: java.util.NoSuchElementException: key not found: eI-w_tOuv-g:APA91bF2918tYhJNz9mQG3IPupK6HPBzp8owzyCo6OcFjRFp7Ayb_ApealXNmpjtn45aBt3GlGA5HwRuqZWNwo5cXdV9HZmzTYf2RdIIKyxVXHcna33eADaiKHninTQE9yESfnHW7zK9

2015-08-22 18:59:54,122 - [ERROR] - from play in play-akka.actor.default-dispatcher-12 
Cannot invoke the action, eventually got an error: java.util.NoSuchElementException: key not found: eI-w_tOuv-g:APA91bF2918tYhJNz9mQG3IPupK6HPBzp8owzyCo6OcFjRFp7Ayb_ApealXNmpjtn45aBt3GlGA5HwRuqZWNwo5cXdV9HZmzTYf2RdIIKyxVXHcna33eADaiKHninTQE9yESfnHW7zK9

2015-08-22 18:59:54,128 - [ERROR] - from application in play-akka.actor.default-dispatcher-12 


! @6n8ao3icm - Internal server error, for (POST) [/rest/help?major=1&mirror=1&help_string=%E4%BD%A0%E5%A5%BD%E5%97%8E%E5%A6%B3%E5%A5%BD%E5%97%8E%E4%BD%A0%E5%A5%BD%E5%AA%BD%E4%BD%A0%E4%BD%A0%E5%A5%BD%E5%AA%BD] ->

play.api.Application$$anon$1: Execution exception[[NoSuchElementException: key not found: eI-w_tOuv-g:APA91bF2918tYhJNz9mQG3IPupK6HPBzp8owzyCo6OcFjRFp7Ayb_ApealXNmpjtn45aBt3GlGA5HwRuqZWNwo5cXdV9HZmzTYf2RdIIKyxVXHcna33eADaiKHninTQE9yESfnHW7zK9]]
	at play.api.Application$class.handleError(Application.scala:296) ~[play_2.11-2.3.9.jar:2.3.9]
	at play.api.DefaultApplication.handleError(Application.scala:402) [play_2.11-2.3.9.jar:2.3.9]
	at play.core.server.netty.PlayDefaultUpstreamHandler$$anonfun$3$$anonfun$applyOrElse$4.apply(PlayDefaultUpstreamHandler.scala:320) [play_2.11-2.3.9.jar:2.3.9]
	at play.core.server.netty.PlayDefaultUpstreamHandler$$anonfun$3$$anonfun$applyOrElse$4.apply(PlayDefaultUpstreamHandler.scala:320) [play_2.11-2.3.9.jar:2.3.9]
	at scala.Option.map(Option.scala:145) [scala-library-2.11.1.jar:na]
	at play.core.server.netty.PlayDefaultUpstreamHandler$$anonfun$3.applyOrElse(PlayDefaultUpstreamHandler.scala:320) [play_2.11-2.3.9.jar:2.3.9]
	at play.core.server.netty.PlayDefaultUpstreamHandler$$anonfun$3.applyOrElse(PlayDefaultUpstreamHandler.scala:316) [play_2.11-2.3.9.jar:2.3.9]
	at scala.concurrent.Future$$anonfun$recoverWith$1.apply(Future.scala:344) [scala-library-2.11.1.jar:na]
	at scala.concurrent.Future$$anonfun$recoverWith$1.apply(Future.scala:343) [scala-library-2.11.1.jar:na]
	at scala.concurrent.impl.CallbackRunnable.run(Promise.scala:32) [scala-library-2.11.1.jar:na]
	at play.api.libs.iteratee.Execution$trampoline$.execute(Execution.scala:46) [play-iteratees_2.11-2.3.9.jar:2.3.9]
	at scala.concurrent.impl.CallbackRunnable.executeWithValue(Promise.scala:40) [scala-library-2.11.1.jar:na]
	at scala.concurrent.impl.Promise$DefaultPromise.tryComplete(Promise.scala:248) [scala-library-2.11.1.jar:na]
	at scala.concurrent.Promise$class.complete(Promise.scala:55) [scala-library-2.11.1.jar:na]
	at scala.concurrent.impl.Promise$DefaultPromise.complete(Promise.scala:153) [scala-library-2.11.1.jar:na]
	at scala.concurrent.impl.Future$PromiseCompletingRunnable.run(Future.scala:23) [scala-library-2.11.1.jar:na]
	at akka.dispatch.TaskInvocation.run(AbstractDispatcher.scala:41) [akka-actor_2.11-2.3.4.jar:na]
	at akka.dispatch.ForkJoinExecutorConfigurator$AkkaForkJoinTask.exec(AbstractDispatcher.scala:393) [akka-actor_2.11-2.3.4.jar:na]
	at scala.concurrent.forkjoin.ForkJoinTask.doExec(ForkJoinTask.java:260) [scala-library-2.11.1.jar:na]
	at scala.concurrent.forkjoin.ForkJoinPool$WorkQueue.runTask(ForkJoinPool.java:1339) [scala-library-2.11.1.jar:na]
	at scala.concurrent.forkjoin.ForkJoinPool.runWorker(ForkJoinPool.java:1979) [scala-library-2.11.1.jar:na]
	at scala.concurrent.forkjoin.ForkJoinWorkerThread.run(ForkJoinWorkerThread.java:107) [scala-library-2.11.1.jar:na]
Caused by: java.util.NoSuchElementException: key not found: eI-w_tOuv-g:APA91bF2918tYhJNz9mQG3IPupK6HPBzp8owzyCo6OcFjRFp7Ayb_ApealXNmpjtn45aBt3GlGA5HwRuqZWNwo5cXdV9HZmzTYf2RdIIKyxVXHcna33eADaiKHninTQE9yESfnHW7zK9
	at scala.collection.MapLike$class.default(MapLike.scala:228) ~[scala-library-2.11.1.jar:na]
	at scala.collection.AbstractMap.default(Map.scala:59) ~[scala-library-2.11.1.jar:na]
	at scala.collection.mutable.HashMap.apply(HashMap.scala:65) ~[scala-library-2.11.1.jar:na]
	at Utils.TokenUtil$.getToken(TokenUtil.scala:16) ~[classes/:na]
	at controllers.Application$$anonfun$help$1.apply(Application.scala:22) ~[classes/:na]
	at controllers.Application$$anonfun$help$1.apply(Application.scala:17) ~[classes/:na]
	at play.api.mvc.ActionBuilder$$anonfun$apply$16.apply(Action.scala:433) ~[play_2.11-2.3.9.jar:2.3.9]
	at play.api.mvc.ActionBuilder$$anonfun$apply$16.apply(Action.scala:432) ~[play_2.11-2.3.9.jar:2.3.9]
	at play.api.mvc.Action$.invokeBlock(Action.scala:556) ~[play_2.11-2.3.9.jar:2.3.9]
	at play.api.mvc.Action$.invokeBlock(Action.scala:555) ~[play_2.11-2.3.9.jar:2.3.9]
	at play.api.mvc.ActionBuilder$$anon$1.apply(Action.scala:518) ~[play_2.11-2.3.9.jar:2.3.9]
	at play.api.mvc.Action$$anonfun$apply$1$$anonfun$apply$4$$anonfun$apply$5.apply(Action.scala:130) ~[play_2.11-2.3.9.jar:2.3.9]
	at play.api.mvc.Action$$anonfun$apply$1$$anonfun$apply$4$$anonfun$apply$5.apply(Action.scala:130) ~[play_2.11-2.3.9.jar:2.3.9]
	at play.utils.Threads$.withContextClassLoader(Threads.scala:21) ~[play_2.11-2.3.9.jar:2.3.9]
	at play.api.mvc.Action$$anonfun$apply$1$$anonfun$apply$4.apply(Action.scala:129) ~[play_2.11-2.3.9.jar:2.3.9]
	at play.api.mvc.Action$$anonfun$apply$1$$anonfun$apply$4.apply(Action.scala:128) ~[play_2.11-2.3.9.jar:2.3.9]
	at scala.Option.map(Option.scala:145) [scala-library-2.11.1.jar:na]
	at play.api.mvc.Action$$anonfun$apply$1.apply(Action.scala:128) ~[play_2.11-2.3.9.jar:2.3.9]
	at play.api.mvc.Action$$anonfun$apply$1.apply(Action.scala:121) ~[play_2.11-2.3.9.jar:2.3.9]
	at play.api.libs.iteratee.Iteratee$$anonfun$mapM$1.apply(Iteratee.scala:483) ~[play-iteratees_2.11-2.3.9.jar:2.3.9]
	at play.api.libs.iteratee.Iteratee$$anonfun$mapM$1.apply(Iteratee.scala:483) ~[play-iteratees_2.11-2.3.9.jar:2.3.9]
	at play.api.libs.iteratee.Iteratee$$anonfun$flatMapM$1.apply(Iteratee.scala:519) ~[play-iteratees_2.11-2.3.9.jar:2.3.9]
	at play.api.libs.iteratee.Iteratee$$anonfun$flatMapM$1.apply(Iteratee.scala:519) ~[play-iteratees_2.11-2.3.9.jar:2.3.9]
	at play.api.libs.iteratee.Iteratee$$anonfun$flatMap$1$$anonfun$apply$14.apply(Iteratee.scala:496) ~[play-iteratees_2.11-2.3.9.jar:2.3.9]
	at play.api.libs.iteratee.Iteratee$$anonfun$flatMap$1$$anonfun$apply$14.apply(Iteratee.scala:496) ~[play-iteratees_2.11-2.3.9.jar:2.3.9]
	at scala.concurrent.impl.Future$PromiseCompletingRunnable.liftedTree1$1(Future.scala:24) [scala-library-2.11.1.jar:na]
	at scala.concurrent.impl.Future$PromiseCompletingRunnable.run(Future.scala:24) [scala-library-2.11.1.jar:na]
	... 6 common frames omitted

2015-08-22 18:59:54,135 - [ERROR] - from application in play-akka.actor.default-dispatcher-10 


! @6n8ao3ich - Internal server error, for (POST) [/rest/help?major=1&mirror=1&help_string=%E4%BD%A0%E5%A5%BD%E5%97%8E%E5%A6%B3%E5%A5%BD%E5%97%8E%E4%BD%A0%E5%A5%BD%E5%AA%BD%E4%BD%A0%E4%BD%A0%E5%A5%BD%E5%AA%BD] ->

play.api.Application$$anon$1: Execution exception[[NoSuchElementException: key not found: eI-w_tOuv-g:APA91bF2918tYhJNz9mQG3IPupK6HPBzp8owzyCo6OcFjRFp7Ayb_ApealXNmpjtn45aBt3GlGA5HwRuqZWNwo5cXdV9HZmzTYf2RdIIKyxVXHcna33eADaiKHninTQE9yESfnHW7zK9]]
	at play.api.Application$class.handleError(Application.scala:296) ~[play_2.11-2.3.9.jar:2.3.9]
	at play.api.DefaultApplication.handleError(Application.scala:402) [play_2.11-2.3.9.jar:2.3.9]
	at play.core.server.netty.PlayDefaultUpstreamHandler$$anonfun$3$$anonfun$applyOrElse$4.apply(PlayDefaultUpstreamHandler.scala:320) [play_2.11-2.3.9.jar:2.3.9]
	at play.core.server.netty.PlayDefaultUpstreamHandler$$anonfun$3$$anonfun$applyOrElse$4.apply(PlayDefaultUpstreamHandler.scala:320) [play_2.11-2.3.9.jar:2.3.9]
	at scala.Option.map(Option.scala:145) [scala-library-2.11.1.jar:na]
	at play.core.server.netty.PlayDefaultUpstreamHandler$$anonfun$3.applyOrElse(PlayDefaultUpstreamHandler.scala:320) [play_2.11-2.3.9.jar:2.3.9]
	at play.core.server.netty.PlayDefaultUpstreamHandler$$anonfun$3.applyOrElse(PlayDefaultUpstreamHandler.scala:316) [play_2.11-2.3.9.jar:2.3.9]
	at scala.concurrent.Future$$anonfun$recoverWith$1.apply(Future.scala:344) [scala-library-2.11.1.jar:na]
	at scala.concurrent.Future$$anonfun$recoverWith$1.apply(Future.scala:343) [scala-library-2.11.1.jar:na]
	at scala.concurrent.impl.CallbackRunnable.run(Promise.scala:32) [scala-library-2.11.1.jar:na]
	at play.api.libs.iteratee.Execution$trampoline$.execute(Execution.scala:46) [play-iteratees_2.11-2.3.9.jar:2.3.9]
	at scala.concurrent.impl.CallbackRunnable.executeWithValue(Promise.scala:40) [scala-library-2.11.1.jar:na]
	at scala.concurrent.impl.Promise$DefaultPromise.tryComplete(Promise.scala:248) [scala-library-2.11.1.jar:na]
	at scala.concurrent.Promise$class.complete(Promise.scala:55) [scala-library-2.11.1.jar:na]
	at scala.concurrent.impl.Promise$DefaultPromise.complete(Promise.scala:153) [scala-library-2.11.1.jar:na]
	at scala.concurrent.impl.Future$PromiseCompletingRunnable.run(Future.scala:23) [scala-library-2.11.1.jar:na]
	at akka.dispatch.TaskInvocation.run(AbstractDispatcher.scala:41) [akka-actor_2.11-2.3.4.jar:na]
	at akka.dispatch.ForkJoinExecutorConfigurator$AkkaForkJoinTask.exec(AbstractDispatcher.scala:393) [akka-actor_2.11-2.3.4.jar:na]
	at scala.concurrent.forkjoin.ForkJoinTask.doExec(ForkJoinTask.java:260) [scala-library-2.11.1.jar:na]
	at scala.concurrent.forkjoin.ForkJoinPool$WorkQueue.runTask(ForkJoinPool.java:1339) [scala-library-2.11.1.jar:na]
	at scala.concurrent.forkjoin.ForkJoinPool.runWorker(ForkJoinPool.java:1979) [scala-library-2.11.1.jar:na]
	at scala.concurrent.forkjoin.ForkJoinWorkerThread.run(ForkJoinWorkerThread.java:107) [scala-library-2.11.1.jar:na]
Caused by: java.util.NoSuchElementException: key not found: eI-w_tOuv-g:APA91bF2918tYhJNz9mQG3IPupK6HPBzp8owzyCo6OcFjRFp7Ayb_ApealXNmpjtn45aBt3GlGA5HwRuqZWNwo5cXdV9HZmzTYf2RdIIKyxVXHcna33eADaiKHninTQE9yESfnHW7zK9
	at scala.collection.MapLike$class.default(MapLike.scala:228) ~[scala-library-2.11.1.jar:na]
	at scala.collection.AbstractMap.default(Map.scala:59) ~[scala-library-2.11.1.jar:na]
	at scala.collection.mutable.HashMap.apply(HashMap.scala:65) ~[scala-library-2.11.1.jar:na]
	at Utils.TokenUtil$.getToken(TokenUtil.scala:16) ~[classes/:na]
	at controllers.Application$$anonfun$help$1.apply(Application.scala:22) ~[classes/:na]
	at controllers.Application$$anonfun$help$1.apply(Application.scala:17) ~[classes/:na]
	at play.api.mvc.ActionBuilder$$anonfun$apply$16.apply(Action.scala:433) ~[play_2.11-2.3.9.jar:2.3.9]
	at play.api.mvc.ActionBuilder$$anonfun$apply$16.apply(Action.scala:432) ~[play_2.11-2.3.9.jar:2.3.9]
	at play.api.mvc.Action$.invokeBlock(Action.scala:556) ~[play_2.11-2.3.9.jar:2.3.9]
	at play.api.mvc.Action$.invokeBlock(Action.scala:555) ~[play_2.11-2.3.9.jar:2.3.9]
	at play.api.mvc.ActionBuilder$$anon$1.apply(Action.scala:518) ~[play_2.11-2.3.9.jar:2.3.9]
	at play.api.mvc.Action$$anonfun$apply$1$$anonfun$apply$4$$anonfun$apply$5.apply(Action.scala:130) ~[play_2.11-2.3.9.jar:2.3.9]
	at play.api.mvc.Action$$anonfun$apply$1$$anonfun$apply$4$$anonfun$apply$5.apply(Action.scala:130) ~[play_2.11-2.3.9.jar:2.3.9]
	at play.utils.Threads$.withContextClassLoader(Threads.scala:21) ~[play_2.11-2.3.9.jar:2.3.9]
	at play.api.mvc.Action$$anonfun$apply$1$$anonfun$apply$4.apply(Action.scala:129) ~[play_2.11-2.3.9.jar:2.3.9]
	at play.api.mvc.Action$$anonfun$apply$1$$anonfun$apply$4.apply(Action.scala:128) ~[play_2.11-2.3.9.jar:2.3.9]
	at scala.Option.map(Option.scala:145) [scala-library-2.11.1.jar:na]
	at play.api.mvc.Action$$anonfun$apply$1.apply(Action.scala:128) ~[play_2.11-2.3.9.jar:2.3.9]
	at play.api.mvc.Action$$anonfun$apply$1.apply(Action.scala:121) ~[play_2.11-2.3.9.jar:2.3.9]
	at play.api.libs.iteratee.Iteratee$$anonfun$mapM$1.apply(Iteratee.scala:483) ~[play-iteratees_2.11-2.3.9.jar:2.3.9]
	at play.api.libs.iteratee.Iteratee$$anonfun$mapM$1.apply(Iteratee.scala:483) ~[play-iteratees_2.11-2.3.9.jar:2.3.9]
	at play.api.libs.iteratee.Iteratee$$anonfun$flatMapM$1.apply(Iteratee.scala:519) ~[play-iteratees_2.11-2.3.9.jar:2.3.9]
	at play.api.libs.iteratee.Iteratee$$anonfun$flatMapM$1.apply(Iteratee.scala:519) ~[play-iteratees_2.11-2.3.9.jar:2.3.9]
	at play.api.libs.iteratee.Iteratee$$anonfun$flatMap$1$$anonfun$apply$14.apply(Iteratee.scala:496) ~[play-iteratees_2.11-2.3.9.jar:2.3.9]
	at play.api.libs.iteratee.Iteratee$$anonfun$flatMap$1$$anonfun$apply$14.apply(Iteratee.scala:496) ~[play-iteratees_2.11-2.3.9.jar:2.3.9]
	at scala.concurrent.impl.Future$PromiseCompletingRunnable.liftedTree1$1(Future.scala:24) [scala-library-2.11.1.jar:na]
	at scala.concurrent.impl.Future$PromiseCompletingRunnable.run(Future.scala:24) [scala-library-2.11.1.jar:na]
	... 6 common frames omitted

2015-08-22 19:00:37,816 - [DEBUG] - from application in ForkJoinPool-3-worker-1 
Result: {"multicast_id":5252438733602558798,"success":2,"failure":0,"canonical_ids":0,"results":[{"message_id":"0:1440295239335759%2a13303ff9fd7ecd"},{"message_id":"0:1440295239336611%2a13303ff9fd7ecd"}]}

2015-08-22 19:00:37,830 - [DEBUG] - from application in ForkJoinPool-3-worker-1 
Result: {"multicast_id":6527548890926757834,"success":2,"failure":0,"canonical_ids":0,"results":[{"message_id":"0:1440295239351896%2a13303ff9fd7ecd"},{"message_id":"0:1440295239351898%2a13303ff9fd7ecd"}]}

2015-08-22 19:01:49,896 - [DEBUG] - from application in ForkJoinPool-3-worker-1 
Result: {"multicast_id":9210188603989507281,"success":2,"failure":0,"canonical_ids":0,"results":[{"message_id":"0:1440295311418902%2a13303ff9fd7ecd"},{"message_id":"0:1440295311419919%2a13303ff9fd7ecd"}]}

2015-08-22 19:01:49,909 - [DEBUG] - from application in ForkJoinPool-3-worker-1 
Result: {"multicast_id":7518929946695266889,"success":2,"failure":0,"canonical_ids":0,"results":[{"message_id":"0:1440295311440647%2a13303ff9fd7ecd"},{"message_id":"0:1440295311440854%2a13303ff9fd7ecd"}]}

2015-08-22 19:02:16,215 - [INFO] - from play in play-internal-execution-context-2 
Application started (Dev)

2015-08-22 19:02:16,376 - [ERROR] - from play in play-akka.actor.default-dispatcher-19 
Cannot invoke the action, eventually got an error: java.util.NoSuchElementException: key not found: eI-w_tOuv-g:APA91bF2918tYhJNz9mQG3IPupK6HPBzp8owzyCo6OcFjRFp7Ayb_ApealXNmpjtn45aBt3GlGA5HwRuqZWNwo5cXdV9HZmzTYf2RdIIKyxVXHcna33eADaiKHninTQE9yESfnHW7zK9

2015-08-22 19:02:16,386 - [ERROR] - from play in play-akka.actor.default-dispatcher-13 
Cannot invoke the action, eventually got an error: java.util.NoSuchElementException: key not found: eI-w_tOuv-g:APA91bF2918tYhJNz9mQG3IPupK6HPBzp8owzyCo6OcFjRFp7Ayb_ApealXNmpjtn45aBt3GlGA5HwRuqZWNwo5cXdV9HZmzTYf2RdIIKyxVXHcna33eADaiKHninTQE9yESfnHW7zK9

2015-08-22 19:02:16,393 - [ERROR] - from application in play-akka.actor.default-dispatcher-19 


! @6n8aobkoe - Internal server error, for (POST) [/rest/help?major=1&mirror=1&help_string=%E6%88%91%E5%8F%97%E5%82%B7%E4%BA%86%E6%88%91%E5%8F%97%E5%82%B7%E5%95%8A%E6%88%91%E5%8F%97%E5%82%B7%E4%BA%86%E5%97%8E%E6%88%91%E5%8F%97%E5%82%B7%E4%BA%86%E5%95%8A%E6%88%91%E5%8F%97%E5%82%B7%E4%BA%86%E5%95%A6] ->

play.api.Application$$anon$1: Execution exception[[NoSuchElementException: key not found: eI-w_tOuv-g:APA91bF2918tYhJNz9mQG3IPupK6HPBzp8owzyCo6OcFjRFp7Ayb_ApealXNmpjtn45aBt3GlGA5HwRuqZWNwo5cXdV9HZmzTYf2RdIIKyxVXHcna33eADaiKHninTQE9yESfnHW7zK9]]
	at play.api.Application$class.handleError(Application.scala:296) ~[play_2.11-2.3.9.jar:2.3.9]
	at play.api.DefaultApplication.handleError(Application.scala:402) [play_2.11-2.3.9.jar:2.3.9]
	at play.core.server.netty.PlayDefaultUpstreamHandler$$anonfun$3$$anonfun$applyOrElse$4.apply(PlayDefaultUpstreamHandler.scala:320) [play_2.11-2.3.9.jar:2.3.9]
	at play.core.server.netty.PlayDefaultUpstreamHandler$$anonfun$3$$anonfun$applyOrElse$4.apply(PlayDefaultUpstreamHandler.scala:320) [play_2.11-2.3.9.jar:2.3.9]
	at scala.Option.map(Option.scala:145) [scala-library-2.11.1.jar:na]
	at play.core.server.netty.PlayDefaultUpstreamHandler$$anonfun$3.applyOrElse(PlayDefaultUpstreamHandler.scala:320) [play_2.11-2.3.9.jar:2.3.9]
	at play.core.server.netty.PlayDefaultUpstreamHandler$$anonfun$3.applyOrElse(PlayDefaultUpstreamHandler.scala:316) [play_2.11-2.3.9.jar:2.3.9]
	at scala.concurrent.Future$$anonfun$recoverWith$1.apply(Future.scala:344) [scala-library-2.11.1.jar:na]
	at scala.concurrent.Future$$anonfun$recoverWith$1.apply(Future.scala:343) [scala-library-2.11.1.jar:na]
	at scala.concurrent.impl.CallbackRunnable.run(Promise.scala:32) [scala-library-2.11.1.jar:na]
	at play.api.libs.iteratee.Execution$trampoline$.execute(Execution.scala:46) [play-iteratees_2.11-2.3.9.jar:2.3.9]
	at scala.concurrent.impl.CallbackRunnable.executeWithValue(Promise.scala:40) [scala-library-2.11.1.jar:na]
	at scala.concurrent.impl.Promise$DefaultPromise.tryComplete(Promise.scala:248) [scala-library-2.11.1.jar:na]
	at scala.concurrent.Promise$class.complete(Promise.scala:55) [scala-library-2.11.1.jar:na]
	at scala.concurrent.impl.Promise$DefaultPromise.complete(Promise.scala:153) [scala-library-2.11.1.jar:na]
	at scala.concurrent.impl.Future$PromiseCompletingRunnable.run(Future.scala:23) [scala-library-2.11.1.jar:na]
	at akka.dispatch.TaskInvocation.run(AbstractDispatcher.scala:41) [akka-actor_2.11-2.3.4.jar:na]
	at akka.dispatch.ForkJoinExecutorConfigurator$AkkaForkJoinTask.exec(AbstractDispatcher.scala:393) [akka-actor_2.11-2.3.4.jar:na]
	at scala.concurrent.forkjoin.ForkJoinTask.doExec(ForkJoinTask.java:260) [scala-library-2.11.1.jar:na]
	at scala.concurrent.forkjoin.ForkJoinPool$WorkQueue.runTask(ForkJoinPool.java:1339) [scala-library-2.11.1.jar:na]
	at scala.concurrent.forkjoin.ForkJoinPool.runWorker(ForkJoinPool.java:1979) [scala-library-2.11.1.jar:na]
	at scala.concurrent.forkjoin.ForkJoinWorkerThread.run(ForkJoinWorkerThread.java:107) [scala-library-2.11.1.jar:na]
Caused by: java.util.NoSuchElementException: key not found: eI-w_tOuv-g:APA91bF2918tYhJNz9mQG3IPupK6HPBzp8owzyCo6OcFjRFp7Ayb_ApealXNmpjtn45aBt3GlGA5HwRuqZWNwo5cXdV9HZmzTYf2RdIIKyxVXHcna33eADaiKHninTQE9yESfnHW7zK9
	at scala.collection.MapLike$class.default(MapLike.scala:228) ~[scala-library-2.11.1.jar:na]
	at scala.collection.AbstractMap.default(Map.scala:59) ~[scala-library-2.11.1.jar:na]
	at scala.collection.mutable.HashMap.apply(HashMap.scala:65) ~[scala-library-2.11.1.jar:na]
	at Utils.TokenUtil$.getToken(TokenUtil.scala:16) ~[classes/:na]
	at controllers.Application$$anonfun$help$1.apply(Application.scala:21) ~[classes/:na]
	at controllers.Application$$anonfun$help$1.apply(Application.scala:17) ~[classes/:na]
	at play.api.mvc.ActionBuilder$$anonfun$apply$16.apply(Action.scala:433) ~[play_2.11-2.3.9.jar:2.3.9]
	at play.api.mvc.ActionBuilder$$anonfun$apply$16.apply(Action.scala:432) ~[play_2.11-2.3.9.jar:2.3.9]
	at play.api.mvc.Action$.invokeBlock(Action.scala:556) ~[play_2.11-2.3.9.jar:2.3.9]
	at play.api.mvc.Action$.invokeBlock(Action.scala:555) ~[play_2.11-2.3.9.jar:2.3.9]
	at play.api.mvc.ActionBuilder$$anon$1.apply(Action.scala:518) ~[play_2.11-2.3.9.jar:2.3.9]
	at play.api.mvc.Action$$anonfun$apply$1$$anonfun$apply$4$$anonfun$apply$5.apply(Action.scala:130) ~[play_2.11-2.3.9.jar:2.3.9]
	at play.api.mvc.Action$$anonfun$apply$1$$anonfun$apply$4$$anonfun$apply$5.apply(Action.scala:130) ~[play_2.11-2.3.9.jar:2.3.9]
	at play.utils.Threads$.withContextClassLoader(Threads.scala:21) ~[play_2.11-2.3.9.jar:2.3.9]
	at play.api.mvc.Action$$anonfun$apply$1$$anonfun$apply$4.apply(Action.scala:129) ~[play_2.11-2.3.9.jar:2.3.9]
	at play.api.mvc.Action$$anonfun$apply$1$$anonfun$apply$4.apply(Action.scala:128) ~[play_2.11-2.3.9.jar:2.3.9]
	at scala.Option.map(Option.scala:145) [scala-library-2.11.1.jar:na]
	at play.api.mvc.Action$$anonfun$apply$1.apply(Action.scala:128) ~[play_2.11-2.3.9.jar:2.3.9]
	at play.api.mvc.Action$$anonfun$apply$1.apply(Action.scala:121) ~[play_2.11-2.3.9.jar:2.3.9]
	at play.api.libs.iteratee.Iteratee$$anonfun$mapM$1.apply(Iteratee.scala:483) ~[play-iteratees_2.11-2.3.9.jar:2.3.9]
	at play.api.libs.iteratee.Iteratee$$anonfun$mapM$1.apply(Iteratee.scala:483) ~[play-iteratees_2.11-2.3.9.jar:2.3.9]
	at play.api.libs.iteratee.Iteratee$$anonfun$flatMapM$1.apply(Iteratee.scala:519) ~[play-iteratees_2.11-2.3.9.jar:2.3.9]
	at play.api.libs.iteratee.Iteratee$$anonfun$flatMapM$1.apply(Iteratee.scala:519) ~[play-iteratees_2.11-2.3.9.jar:2.3.9]
	at play.api.libs.iteratee.Iteratee$$anonfun$flatMap$1$$anonfun$apply$14.apply(Iteratee.scala:496) ~[play-iteratees_2.11-2.3.9.jar:2.3.9]
	at play.api.libs.iteratee.Iteratee$$anonfun$flatMap$1$$anonfun$apply$14.apply(Iteratee.scala:496) ~[play-iteratees_2.11-2.3.9.jar:2.3.9]
	at scala.concurrent.impl.Future$PromiseCompletingRunnable.liftedTree1$1(Future.scala:24) [scala-library-2.11.1.jar:na]
	at scala.concurrent.impl.Future$PromiseCompletingRunnable.run(Future.scala:24) [scala-library-2.11.1.jar:na]
	... 6 common frames omitted

2015-08-22 19:02:16,401 - [ERROR] - from application in play-akka.actor.default-dispatcher-13 


! @6n8aobkod - Internal server error, for (POST) [/rest/help?major=1&mirror=1&help_string=%E6%88%91%E5%8F%97%E5%82%B7%E4%BA%86%E6%88%91%E5%8F%97%E5%82%B7%E5%97%8E%E6%88%91%E5%8F%97%E5%82%B7%E4%BA%86%E5%95%8A%E6%88%91%E5%8F%97%E5%82%B7%E5%95%8A%E6%88%91%E5%8F%97%E5%82%B7%E4%BA%86%E5%97%8E] ->

play.api.Application$$anon$1: Execution exception[[NoSuchElementException: key not found: eI-w_tOuv-g:APA91bF2918tYhJNz9mQG3IPupK6HPBzp8owzyCo6OcFjRFp7Ayb_ApealXNmpjtn45aBt3GlGA5HwRuqZWNwo5cXdV9HZmzTYf2RdIIKyxVXHcna33eADaiKHninTQE9yESfnHW7zK9]]
	at play.api.Application$class.handleError(Application.scala:296) ~[play_2.11-2.3.9.jar:2.3.9]
	at play.api.DefaultApplication.handleError(Application.scala:402) [play_2.11-2.3.9.jar:2.3.9]
	at play.core.server.netty.PlayDefaultUpstreamHandler$$anonfun$3$$anonfun$applyOrElse$4.apply(PlayDefaultUpstreamHandler.scala:320) [play_2.11-2.3.9.jar:2.3.9]
	at play.core.server.netty.PlayDefaultUpstreamHandler$$anonfun$3$$anonfun$applyOrElse$4.apply(PlayDefaultUpstreamHandler.scala:320) [play_2.11-2.3.9.jar:2.3.9]
	at scala.Option.map(Option.scala:145) [scala-library-2.11.1.jar:na]
	at play.core.server.netty.PlayDefaultUpstreamHandler$$anonfun$3.applyOrElse(PlayDefaultUpstreamHandler.scala:320) [play_2.11-2.3.9.jar:2.3.9]
	at play.core.server.netty.PlayDefaultUpstreamHandler$$anonfun$3.applyOrElse(PlayDefaultUpstreamHandler.scala:316) [play_2.11-2.3.9.jar:2.3.9]
	at scala.concurrent.Future$$anonfun$recoverWith$1.apply(Future.scala:344) [scala-library-2.11.1.jar:na]
	at scala.concurrent.Future$$anonfun$recoverWith$1.apply(Future.scala:343) [scala-library-2.11.1.jar:na]
	at scala.concurrent.impl.CallbackRunnable.run(Promise.scala:32) [scala-library-2.11.1.jar:na]
	at play.api.libs.iteratee.Execution$trampoline$.execute(Execution.scala:46) [play-iteratees_2.11-2.3.9.jar:2.3.9]
	at scala.concurrent.impl.CallbackRunnable.executeWithValue(Promise.scala:40) [scala-library-2.11.1.jar:na]
	at scala.concurrent.impl.Promise$DefaultPromise.tryComplete(Promise.scala:248) [scala-library-2.11.1.jar:na]
	at scala.concurrent.Promise$class.complete(Promise.scala:55) [scala-library-2.11.1.jar:na]
	at scala.concurrent.impl.Promise$DefaultPromise.complete(Promise.scala:153) [scala-library-2.11.1.jar:na]
	at scala.concurrent.impl.Future$PromiseCompletingRunnable.run(Future.scala:23) [scala-library-2.11.1.jar:na]
	at akka.dispatch.TaskInvocation.run(AbstractDispatcher.scala:41) [akka-actor_2.11-2.3.4.jar:na]
	at akka.dispatch.ForkJoinExecutorConfigurator$AkkaForkJoinTask.exec(AbstractDispatcher.scala:393) [akka-actor_2.11-2.3.4.jar:na]
	at scala.concurrent.forkjoin.ForkJoinTask.doExec(ForkJoinTask.java:260) [scala-library-2.11.1.jar:na]
	at scala.concurrent.forkjoin.ForkJoinPool$WorkQueue.runTask(ForkJoinPool.java:1339) [scala-library-2.11.1.jar:na]
	at scala.concurrent.forkjoin.ForkJoinPool.runWorker(ForkJoinPool.java:1979) [scala-library-2.11.1.jar:na]
	at scala.concurrent.forkjoin.ForkJoinWorkerThread.run(ForkJoinWorkerThread.java:107) [scala-library-2.11.1.jar:na]
Caused by: java.util.NoSuchElementException: key not found: eI-w_tOuv-g:APA91bF2918tYhJNz9mQG3IPupK6HPBzp8owzyCo6OcFjRFp7Ayb_ApealXNmpjtn45aBt3GlGA5HwRuqZWNwo5cXdV9HZmzTYf2RdIIKyxVXHcna33eADaiKHninTQE9yESfnHW7zK9
	at scala.collection.MapLike$class.default(MapLike.scala:228) ~[scala-library-2.11.1.jar:na]
	at scala.collection.AbstractMap.default(Map.scala:59) ~[scala-library-2.11.1.jar:na]
	at scala.collection.mutable.HashMap.apply(HashMap.scala:65) ~[scala-library-2.11.1.jar:na]
	at Utils.TokenUtil$.getToken(TokenUtil.scala:16) ~[classes/:na]
	at controllers.Application$$anonfun$help$1.apply(Application.scala:21) ~[classes/:na]
	at controllers.Application$$anonfun$help$1.apply(Application.scala:17) ~[classes/:na]
	at play.api.mvc.ActionBuilder$$anonfun$apply$16.apply(Action.scala:433) ~[play_2.11-2.3.9.jar:2.3.9]
	at play.api.mvc.ActionBuilder$$anonfun$apply$16.apply(Action.scala:432) ~[play_2.11-2.3.9.jar:2.3.9]
	at play.api.mvc.Action$.invokeBlock(Action.scala:556) ~[play_2.11-2.3.9.jar:2.3.9]
	at play.api.mvc.Action$.invokeBlock(Action.scala:555) ~[play_2.11-2.3.9.jar:2.3.9]
	at play.api.mvc.ActionBuilder$$anon$1.apply(Action.scala:518) ~[play_2.11-2.3.9.jar:2.3.9]
	at play.api.mvc.Action$$anonfun$apply$1$$anonfun$apply$4$$anonfun$apply$5.apply(Action.scala:130) ~[play_2.11-2.3.9.jar:2.3.9]
	at play.api.mvc.Action$$anonfun$apply$1$$anonfun$apply$4$$anonfun$apply$5.apply(Action.scala:130) ~[play_2.11-2.3.9.jar:2.3.9]
	at play.utils.Threads$.withContextClassLoader(Threads.scala:21) ~[play_2.11-2.3.9.jar:2.3.9]
	at play.api.mvc.Action$$anonfun$apply$1$$anonfun$apply$4.apply(Action.scala:129) ~[play_2.11-2.3.9.jar:2.3.9]
	at play.api.mvc.Action$$anonfun$apply$1$$anonfun$apply$4.apply(Action.scala:128) ~[play_2.11-2.3.9.jar:2.3.9]
	at scala.Option.map(Option.scala:145) [scala-library-2.11.1.jar:na]
	at play.api.mvc.Action$$anonfun$apply$1.apply(Action.scala:128) ~[play_2.11-2.3.9.jar:2.3.9]
	at play.api.mvc.Action$$anonfun$apply$1.apply(Action.scala:121) ~[play_2.11-2.3.9.jar:2.3.9]
	at play.api.libs.iteratee.Iteratee$$anonfun$mapM$1.apply(Iteratee.scala:483) ~[play-iteratees_2.11-2.3.9.jar:2.3.9]
	at play.api.libs.iteratee.Iteratee$$anonfun$mapM$1.apply(Iteratee.scala:483) ~[play-iteratees_2.11-2.3.9.jar:2.3.9]
	at play.api.libs.iteratee.Iteratee$$anonfun$flatMapM$1.apply(Iteratee.scala:519) ~[play-iteratees_2.11-2.3.9.jar:2.3.9]
	at play.api.libs.iteratee.Iteratee$$anonfun$flatMapM$1.apply(Iteratee.scala:519) ~[play-iteratees_2.11-2.3.9.jar:2.3.9]
	at play.api.libs.iteratee.Iteratee$$anonfun$flatMap$1$$anonfun$apply$14.apply(Iteratee.scala:496) ~[play-iteratees_2.11-2.3.9.jar:2.3.9]
	at play.api.libs.iteratee.Iteratee$$anonfun$flatMap$1$$anonfun$apply$14.apply(Iteratee.scala:496) ~[play-iteratees_2.11-2.3.9.jar:2.3.9]
	at scala.concurrent.impl.Future$PromiseCompletingRunnable.liftedTree1$1(Future.scala:24) [scala-library-2.11.1.jar:na]
	at scala.concurrent.impl.Future$PromiseCompletingRunnable.run(Future.scala:24) [scala-library-2.11.1.jar:na]
	... 6 common frames omitted

2015-08-22 19:02:16,475 - [ERROR] - from play in play-akka.actor.default-dispatcher-19 
Cannot invoke the action, eventually got an error: java.util.NoSuchElementException: key not found: eI-w_tOuv-g:APA91bF2918tYhJNz9mQG3IPupK6HPBzp8owzyCo6OcFjRFp7Ayb_ApealXNmpjtn45aBt3GlGA5HwRuqZWNwo5cXdV9HZmzTYf2RdIIKyxVXHcna33eADaiKHninTQE9yESfnHW7zK9

2015-08-22 19:02:16,500 - [ERROR] - from application in play-akka.actor.default-dispatcher-19 


! @6n8aobl20 - Internal server error, for (POST) [/rest/help?major=1&mirror=1&help_string=%E6%88%91%E5%8F%97%E5%82%B7%E4%BA%86%E6%88%91%E5%8F%97%E5%82%B7%E5%95%8A%E6%88%91%E5%8F%97%E5%82%B7%E4%BA%86%E5%97%8E%E6%88%91%E5%8F%97%E5%82%B7%E4%BA%86%E5%95%8A%E6%88%91%E5%8F%97%E5%82%B7%E4%BA%86%E5%95%A6] ->

play.api.Application$$anon$1: Execution exception[[NoSuchElementException: key not found: eI-w_tOuv-g:APA91bF2918tYhJNz9mQG3IPupK6HPBzp8owzyCo6OcFjRFp7Ayb_ApealXNmpjtn45aBt3GlGA5HwRuqZWNwo5cXdV9HZmzTYf2RdIIKyxVXHcna33eADaiKHninTQE9yESfnHW7zK9]]
	at play.api.Application$class.handleError(Application.scala:296) ~[play_2.11-2.3.9.jar:2.3.9]
	at play.api.DefaultApplication.handleError(Application.scala:402) [play_2.11-2.3.9.jar:2.3.9]
	at play.core.server.netty.PlayDefaultUpstreamHandler$$anonfun$3$$anonfun$applyOrElse$4.apply(PlayDefaultUpstreamHandler.scala:320) [play_2.11-2.3.9.jar:2.3.9]
	at play.core.server.netty.PlayDefaultUpstreamHandler$$anonfun$3$$anonfun$applyOrElse$4.apply(PlayDefaultUpstreamHandler.scala:320) [play_2.11-2.3.9.jar:2.3.9]
	at scala.Option.map(Option.scala:145) [scala-library-2.11.1.jar:na]
	at play.core.server.netty.PlayDefaultUpstreamHandler$$anonfun$3.applyOrElse(PlayDefaultUpstreamHandler.scala:320) [play_2.11-2.3.9.jar:2.3.9]
	at play.core.server.netty.PlayDefaultUpstreamHandler$$anonfun$3.applyOrElse(PlayDefaultUpstreamHandler.scala:316) [play_2.11-2.3.9.jar:2.3.9]
	at scala.concurrent.Future$$anonfun$recoverWith$1.apply(Future.scala:344) [scala-library-2.11.1.jar:na]
	at scala.concurrent.Future$$anonfun$recoverWith$1.apply(Future.scala:343) [scala-library-2.11.1.jar:na]
	at scala.concurrent.impl.CallbackRunnable.run(Promise.scala:32) [scala-library-2.11.1.jar:na]
	at play.api.libs.iteratee.Execution$trampoline$.execute(Execution.scala:46) [play-iteratees_2.11-2.3.9.jar:2.3.9]
	at scala.concurrent.impl.CallbackRunnable.executeWithValue(Promise.scala:40) [scala-library-2.11.1.jar:na]
	at scala.concurrent.impl.Promise$DefaultPromise.tryComplete(Promise.scala:248) [scala-library-2.11.1.jar:na]
	at scala.concurrent.Promise$class.complete(Promise.scala:55) [scala-library-2.11.1.jar:na]
	at scala.concurrent.impl.Promise$DefaultPromise.complete(Promise.scala:153) [scala-library-2.11.1.jar:na]
	at scala.concurrent.impl.Future$PromiseCompletingRunnable.run(Future.scala:23) [scala-library-2.11.1.jar:na]
	at akka.dispatch.TaskInvocation.run(AbstractDispatcher.scala:41) [akka-actor_2.11-2.3.4.jar:na]
	at akka.dispatch.ForkJoinExecutorConfigurator$AkkaForkJoinTask.exec(AbstractDispatcher.scala:393) [akka-actor_2.11-2.3.4.jar:na]
	at scala.concurrent.forkjoin.ForkJoinTask.doExec(ForkJoinTask.java:260) [scala-library-2.11.1.jar:na]
	at scala.concurrent.forkjoin.ForkJoinPool$WorkQueue.runTask(ForkJoinPool.java:1339) [scala-library-2.11.1.jar:na]
	at scala.concurrent.forkjoin.ForkJoinPool.runWorker(ForkJoinPool.java:1979) [scala-library-2.11.1.jar:na]
	at scala.concurrent.forkjoin.ForkJoinWorkerThread.run(ForkJoinWorkerThread.java:107) [scala-library-2.11.1.jar:na]
Caused by: java.util.NoSuchElementException: key not found: eI-w_tOuv-g:APA91bF2918tYhJNz9mQG3IPupK6HPBzp8owzyCo6OcFjRFp7Ayb_ApealXNmpjtn45aBt3GlGA5HwRuqZWNwo5cXdV9HZmzTYf2RdIIKyxVXHcna33eADaiKHninTQE9yESfnHW7zK9
	at scala.collection.MapLike$class.default(MapLike.scala:228) ~[scala-library-2.11.1.jar:na]
	at scala.collection.AbstractMap.default(Map.scala:59) ~[scala-library-2.11.1.jar:na]
	at scala.collection.mutable.HashMap.apply(HashMap.scala:65) ~[scala-library-2.11.1.jar:na]
	at Utils.TokenUtil$.getToken(TokenUtil.scala:16) ~[classes/:na]
	at controllers.Application$$anonfun$help$1.apply(Application.scala:21) ~[classes/:na]
	at controllers.Application$$anonfun$help$1.apply(Application.scala:17) ~[classes/:na]
	at play.api.mvc.ActionBuilder$$anonfun$apply$16.apply(Action.scala:433) ~[play_2.11-2.3.9.jar:2.3.9]
	at play.api.mvc.ActionBuilder$$anonfun$apply$16.apply(Action.scala:432) ~[play_2.11-2.3.9.jar:2.3.9]
	at play.api.mvc.Action$.invokeBlock(Action.scala:556) ~[play_2.11-2.3.9.jar:2.3.9]
	at play.api.mvc.Action$.invokeBlock(Action.scala:555) ~[play_2.11-2.3.9.jar:2.3.9]
	at play.api.mvc.ActionBuilder$$anon$1.apply(Action.scala:518) ~[play_2.11-2.3.9.jar:2.3.9]
	at play.api.mvc.Action$$anonfun$apply$1$$anonfun$apply$4$$anonfun$apply$5.apply(Action.scala:130) ~[play_2.11-2.3.9.jar:2.3.9]
	at play.api.mvc.Action$$anonfun$apply$1$$anonfun$apply$4$$anonfun$apply$5.apply(Action.scala:130) ~[play_2.11-2.3.9.jar:2.3.9]
	at play.utils.Threads$.withContextClassLoader(Threads.scala:21) ~[play_2.11-2.3.9.jar:2.3.9]
	at play.api.mvc.Action$$anonfun$apply$1$$anonfun$apply$4.apply(Action.scala:129) ~[play_2.11-2.3.9.jar:2.3.9]
	at play.api.mvc.Action$$anonfun$apply$1$$anonfun$apply$4.apply(Action.scala:128) ~[play_2.11-2.3.9.jar:2.3.9]
	at scala.Option.map(Option.scala:145) [scala-library-2.11.1.jar:na]
	at play.api.mvc.Action$$anonfun$apply$1.apply(Action.scala:128) ~[play_2.11-2.3.9.jar:2.3.9]
	at play.api.mvc.Action$$anonfun$apply$1.apply(Action.scala:121) ~[play_2.11-2.3.9.jar:2.3.9]
	at play.api.libs.iteratee.Iteratee$$anonfun$mapM$1.apply(Iteratee.scala:483) ~[play-iteratees_2.11-2.3.9.jar:2.3.9]
	at play.api.libs.iteratee.Iteratee$$anonfun$mapM$1.apply(Iteratee.scala:483) ~[play-iteratees_2.11-2.3.9.jar:2.3.9]
	at play.api.libs.iteratee.Iteratee$$anonfun$flatMapM$1.apply(Iteratee.scala:519) ~[play-iteratees_2.11-2.3.9.jar:2.3.9]
	at play.api.libs.iteratee.Iteratee$$anonfun$flatMapM$1.apply(Iteratee.scala:519) ~[play-iteratees_2.11-2.3.9.jar:2.3.9]
	at play.api.libs.iteratee.Iteratee$$anonfun$flatMap$1$$anonfun$apply$14.apply(Iteratee.scala:496) ~[play-iteratees_2.11-2.3.9.jar:2.3.9]
	at play.api.libs.iteratee.Iteratee$$anonfun$flatMap$1$$anonfun$apply$14.apply(Iteratee.scala:496) ~[play-iteratees_2.11-2.3.9.jar:2.3.9]
	at scala.concurrent.impl.Future$PromiseCompletingRunnable.liftedTree1$1(Future.scala:24) [scala-library-2.11.1.jar:na]
	at scala.concurrent.impl.Future$PromiseCompletingRunnable.run(Future.scala:24) [scala-library-2.11.1.jar:na]
	... 6 common frames omitted

2015-08-22 19:02:16,514 - [ERROR] - from play in play-akka.actor.default-dispatcher-13 
Cannot invoke the action, eventually got an error: java.util.NoSuchElementException: key not found: eI-w_tOuv-g:APA91bF2918tYhJNz9mQG3IPupK6HPBzp8owzyCo6OcFjRFp7Ayb_ApealXNmpjtn45aBt3GlGA5HwRuqZWNwo5cXdV9HZmzTYf2RdIIKyxVXHcna33eADaiKHninTQE9yESfnHW7zK9

2015-08-22 19:02:16,518 - [ERROR] - from application in play-akka.actor.default-dispatcher-13 


! @6n8aobl3b - Internal server error, for (POST) [/rest/help?major=1&mirror=1&help_string=%E6%88%91%E5%8F%97%E5%82%B7%E4%BA%86%E6%88%91%E5%8F%97%E5%82%B7%E5%97%8E%E6%88%91%E5%8F%97%E5%82%B7%E4%BA%86%E5%95%8A%E6%88%91%E5%8F%97%E5%82%B7%E5%95%8A%E6%88%91%E5%8F%97%E5%82%B7%E4%BA%86%E5%97%8E] ->

play.api.Application$$anon$1: Execution exception[[NoSuchElementException: key not found: eI-w_tOuv-g:APA91bF2918tYhJNz9mQG3IPupK6HPBzp8owzyCo6OcFjRFp7Ayb_ApealXNmpjtn45aBt3GlGA5HwRuqZWNwo5cXdV9HZmzTYf2RdIIKyxVXHcna33eADaiKHninTQE9yESfnHW7zK9]]
	at play.api.Application$class.handleError(Application.scala:296) ~[play_2.11-2.3.9.jar:2.3.9]
	at play.api.DefaultApplication.handleError(Application.scala:402) [play_2.11-2.3.9.jar:2.3.9]
	at play.core.server.netty.PlayDefaultUpstreamHandler$$anonfun$3$$anonfun$applyOrElse$4.apply(PlayDefaultUpstreamHandler.scala:320) [play_2.11-2.3.9.jar:2.3.9]
	at play.core.server.netty.PlayDefaultUpstreamHandler$$anonfun$3$$anonfun$applyOrElse$4.apply(PlayDefaultUpstreamHandler.scala:320) [play_2.11-2.3.9.jar:2.3.9]
	at scala.Option.map(Option.scala:145) [scala-library-2.11.1.jar:na]
	at play.core.server.netty.PlayDefaultUpstreamHandler$$anonfun$3.applyOrElse(PlayDefaultUpstreamHandler.scala:320) [play_2.11-2.3.9.jar:2.3.9]
	at play.core.server.netty.PlayDefaultUpstreamHandler$$anonfun$3.applyOrElse(PlayDefaultUpstreamHandler.scala:316) [play_2.11-2.3.9.jar:2.3.9]
	at scala.concurrent.Future$$anonfun$recoverWith$1.apply(Future.scala:344) [scala-library-2.11.1.jar:na]
	at scala.concurrent.Future$$anonfun$recoverWith$1.apply(Future.scala:343) [scala-library-2.11.1.jar:na]
	at scala.concurrent.impl.CallbackRunnable.run(Promise.scala:32) [scala-library-2.11.1.jar:na]
	at play.api.libs.iteratee.Execution$trampoline$.execute(Execution.scala:46) [play-iteratees_2.11-2.3.9.jar:2.3.9]
	at scala.concurrent.impl.CallbackRunnable.executeWithValue(Promise.scala:40) [scala-library-2.11.1.jar:na]
	at scala.concurrent.impl.Promise$DefaultPromise.tryComplete(Promise.scala:248) [scala-library-2.11.1.jar:na]
	at scala.concurrent.Promise$class.complete(Promise.scala:55) [scala-library-2.11.1.jar:na]
	at scala.concurrent.impl.Promise$DefaultPromise.complete(Promise.scala:153) [scala-library-2.11.1.jar:na]
	at scala.concurrent.impl.Future$PromiseCompletingRunnable.run(Future.scala:23) [scala-library-2.11.1.jar:na]
	at akka.dispatch.TaskInvocation.run(AbstractDispatcher.scala:41) [akka-actor_2.11-2.3.4.jar:na]
	at akka.dispatch.ForkJoinExecutorConfigurator$AkkaForkJoinTask.exec(AbstractDispatcher.scala:393) [akka-actor_2.11-2.3.4.jar:na]
	at scala.concurrent.forkjoin.ForkJoinTask.doExec(ForkJoinTask.java:260) [scala-library-2.11.1.jar:na]
	at scala.concurrent.forkjoin.ForkJoinPool$WorkQueue.runTask(ForkJoinPool.java:1339) [scala-library-2.11.1.jar:na]
	at scala.concurrent.forkjoin.ForkJoinPool.runWorker(ForkJoinPool.java:1979) [scala-library-2.11.1.jar:na]
	at scala.concurrent.forkjoin.ForkJoinWorkerThread.run(ForkJoinWorkerThread.java:107) [scala-library-2.11.1.jar:na]
Caused by: java.util.NoSuchElementException: key not found: eI-w_tOuv-g:APA91bF2918tYhJNz9mQG3IPupK6HPBzp8owzyCo6OcFjRFp7Ayb_ApealXNmpjtn45aBt3GlGA5HwRuqZWNwo5cXdV9HZmzTYf2RdIIKyxVXHcna33eADaiKHninTQE9yESfnHW7zK9
	at scala.collection.MapLike$class.default(MapLike.scala:228) ~[scala-library-2.11.1.jar:na]
	at scala.collection.AbstractMap.default(Map.scala:59) ~[scala-library-2.11.1.jar:na]
	at scala.collection.mutable.HashMap.apply(HashMap.scala:65) ~[scala-library-2.11.1.jar:na]
	at Utils.TokenUtil$.getToken(TokenUtil.scala:16) ~[classes/:na]
	at controllers.Application$$anonfun$help$1.apply(Application.scala:21) ~[classes/:na]
	at controllers.Application$$anonfun$help$1.apply(Application.scala:17) ~[classes/:na]
	at play.api.mvc.ActionBuilder$$anonfun$apply$16.apply(Action.scala:433) ~[play_2.11-2.3.9.jar:2.3.9]
	at play.api.mvc.ActionBuilder$$anonfun$apply$16.apply(Action.scala:432) ~[play_2.11-2.3.9.jar:2.3.9]
	at play.api.mvc.Action$.invokeBlock(Action.scala:556) ~[play_2.11-2.3.9.jar:2.3.9]
	at play.api.mvc.Action$.invokeBlock(Action.scala:555) ~[play_2.11-2.3.9.jar:2.3.9]
	at play.api.mvc.ActionBuilder$$anon$1.apply(Action.scala:518) ~[play_2.11-2.3.9.jar:2.3.9]
	at play.api.mvc.Action$$anonfun$apply$1$$anonfun$apply$4$$anonfun$apply$5.apply(Action.scala:130) ~[play_2.11-2.3.9.jar:2.3.9]
	at play.api.mvc.Action$$anonfun$apply$1$$anonfun$apply$4$$anonfun$apply$5.apply(Action.scala:130) ~[play_2.11-2.3.9.jar:2.3.9]
	at play.utils.Threads$.withContextClassLoader(Threads.scala:21) ~[play_2.11-2.3.9.jar:2.3.9]
	at play.api.mvc.Action$$anonfun$apply$1$$anonfun$apply$4.apply(Action.scala:129) ~[play_2.11-2.3.9.jar:2.3.9]
	at play.api.mvc.Action$$anonfun$apply$1$$anonfun$apply$4.apply(Action.scala:128) ~[play_2.11-2.3.9.jar:2.3.9]
	at scala.Option.map(Option.scala:145) [scala-library-2.11.1.jar:na]
	at play.api.mvc.Action$$anonfun$apply$1.apply(Action.scala:128) ~[play_2.11-2.3.9.jar:2.3.9]
	at play.api.mvc.Action$$anonfun$apply$1.apply(Action.scala:121) ~[play_2.11-2.3.9.jar:2.3.9]
	at play.api.libs.iteratee.Iteratee$$anonfun$mapM$1.apply(Iteratee.scala:483) ~[play-iteratees_2.11-2.3.9.jar:2.3.9]
	at play.api.libs.iteratee.Iteratee$$anonfun$mapM$1.apply(Iteratee.scala:483) ~[play-iteratees_2.11-2.3.9.jar:2.3.9]
	at play.api.libs.iteratee.Iteratee$$anonfun$flatMapM$1.apply(Iteratee.scala:519) ~[play-iteratees_2.11-2.3.9.jar:2.3.9]
	at play.api.libs.iteratee.Iteratee$$anonfun$flatMapM$1.apply(Iteratee.scala:519) ~[play-iteratees_2.11-2.3.9.jar:2.3.9]
	at play.api.libs.iteratee.Iteratee$$anonfun$flatMap$1$$anonfun$apply$14.apply(Iteratee.scala:496) ~[play-iteratees_2.11-2.3.9.jar:2.3.9]
	at play.api.libs.iteratee.Iteratee$$anonfun$flatMap$1$$anonfun$apply$14.apply(Iteratee.scala:496) ~[play-iteratees_2.11-2.3.9.jar:2.3.9]
	at scala.concurrent.impl.Future$PromiseCompletingRunnable.liftedTree1$1(Future.scala:24) [scala-library-2.11.1.jar:na]
	at scala.concurrent.impl.Future$PromiseCompletingRunnable.run(Future.scala:24) [scala-library-2.11.1.jar:na]
	... 6 common frames omitted

2015-08-22 19:03:00,876 - [DEBUG] - from application in ForkJoinPool-3-worker-1 
Result: {"multicast_id":5393279858342120674,"success":2,"failure":0,"canonical_ids":0,"results":[{"message_id":"0:1440295382402583%2a13303ff9fd7ecd"},{"message_id":"0:1440295382402812%2a13303ff9fd7ecd"}]}

2015-08-22 19:03:00,917 - [DEBUG] - from application in ForkJoinPool-3-worker-1 
Result: {"multicast_id":5711451212091330212,"success":2,"failure":0,"canonical_ids":0,"results":[{"message_id":"0:1440295382442601%2a13303ff9fd7ecd"},{"message_id":"0:1440295382442891%2a13303ff9fd7ecd"}]}

